Log file open, 08/22/20 01:42:46
LogWindows: Failed to load 'aqProf.dll' (GetLastError=126)
LogWindows: File 'aqProf.dll' does not exist
LogWindows: Failed to load 'VtuneApi.dll' (GetLastError=126)
LogWindows: File 'VtuneApi.dll' does not exist
LogWindows: Failed to load 'VtuneApi32e.dll' (GetLastError=126)
LogWindows: File 'VtuneApi32e.dll' does not exist
LogConsoleResponse: Display: Failed to find resolution value strings in scalability ini. Falling back to default.
LogInit: Display: Running engine for game: Crossy
LogPlatformFile: Not using cached read wrapper
LogTaskGraph: Started task graph with 5 named threads and 14 total threads with 3 sets of task threads.
LogStats: Stats thread started at 0.148934
LogD3D11RHI: Loaded GFSDK_Aftermath_Lib.x64.dll
LogICUInternationalization: ICU TimeZone Detection - Raw Offset: -4:00, Platform Override: ''
LogPluginManager: Mounting plugin Paper2D
LogPluginManager: Mounting plugin AISupport
LogPluginManager: Mounting plugin LightPropagationVolume
LogPluginManager: Mounting plugin ActorLayerUtilities
LogPluginManager: Mounting plugin AnimationSharing
LogPluginManager: Mounting plugin CLionSourceCodeAccess
LogPluginManager: Mounting plugin CodeLiteSourceCodeAccess
LogPluginManager: Mounting plugin GitSourceControl
LogPluginManager: Mounting plugin KDevelopSourceCodeAccess
LogPluginManager: Mounting plugin NullSourceCodeAccess
LogPluginManager: Mounting plugin PerforceSourceControl
LogPluginManager: Mounting plugin PlasticSourceControl
LogPluginManager: Mounting plugin SubversionSourceControl
LogPluginManager: Mounting plugin UObjectPlugin
LogPluginManager: Mounting plugin VisualStudioCodeSourceCodeAccess
LogPluginManager: Mounting plugin VisualStudioSourceCodeAccess
LogPluginManager: Mounting plugin XCodeSourceCodeAccess
LogPluginManager: Mounting plugin AssetManagerEditor
LogPluginManager: Mounting plugin CryptoKeys
LogPluginManager: Mounting plugin CurveEditorTools
LogPluginManager: Mounting plugin DataValidation
LogPluginManager: Mounting plugin FacialAnimation
LogPluginManager: Mounting plugin GameplayTagsEditor
LogPluginManager: Mounting plugin MacGraphicsSwitching
LogPluginManager: Mounting plugin MaterialAnalyzer
LogPluginManager: Mounting plugin MobileLauncherProfileWizard
LogPluginManager: Mounting plugin PluginBrowser
LogPluginManager: Mounting plugin SpeedTreeImporter
LogPluginManager: Mounting plugin DatasmithContent
LogPluginManager: Mounting plugin VariantManagerContent
LogPluginManager: Mounting plugin AlembicImporter
LogPluginManager: Mounting plugin AutomationUtils
LogPluginManager: Mounting plugin BackChannel
LogPluginManager: Mounting plugin CharacterAI
LogPluginManager: Mounting plugin GeometryCache
LogPluginManager: Mounting plugin PlatformCrypto
LogPluginManager: Mounting plugin ProxyLODPlugin
LogPluginManager: Mounting plugin SkeletalReduction
LogPluginManager: Mounting plugin MagicLeap
LogPluginManager: Mounting plugin MagicLeapMedia
LogPluginManager: Mounting plugin MLSDK
LogPluginManager: Mounting plugin AndroidMedia
LogPluginManager: Mounting plugin AvfMedia
LogPluginManager: Mounting plugin ImgMedia
LogPluginManager: Mounting plugin MediaCompositing
LogPluginManager: Mounting plugin MediaPlayerEditor
LogPluginManager: Mounting plugin WebMMedia
LogPluginManager: Mounting plugin WmfMedia
LogPluginManager: Mounting plugin TcpMessaging
LogPluginManager: Mounting plugin UdpMessaging
LogPluginManager: Mounting plugin ActorSequence
LogPluginManager: Mounting plugin LevelSequenceEditor
LogPluginManager: Mounting plugin MatineeToLevelSequence
LogPluginManager: Mounting plugin NetcodeUnitTest
LogPluginManager: Mounting plugin NUTUnrealEngine4
LogPluginManager: Mounting plugin OnlineSubsystemGooglePlay
LogPluginManager: Mounting plugin OnlineSubsystemIOS
LogPluginManager: Mounting plugin OnlineSubsystem
LogPluginManager: Mounting plugin OnlineSubsystemNull
LogPluginManager: Mounting plugin OnlineSubsystemUtils
LogPluginManager: Mounting plugin LauncherChunkInstaller
LogPluginManager: Mounting plugin AndroidDeviceProfileSelector
LogPluginManager: Mounting plugin AndroidMoviePlayer
LogPluginManager: Mounting plugin AndroidPermission
LogPluginManager: Mounting plugin AppleImageUtils
LogPluginManager: Mounting plugin AppleMoviePlayer
LogPluginManager: Mounting plugin ArchVisCharacter
LogPluginManager: Mounting plugin AssetTags
LogPluginManager: Mounting plugin AudioCapture
LogPluginManager: Mounting plugin CableComponent
LogPluginManager: Mounting plugin CustomMeshComponent
LogPluginManager: Mounting plugin EditableMesh
LogPluginManager: Mounting plugin ExampleDeviceProfileSelector
LogPluginManager: Mounting plugin GoogleCloudMessaging
LogPluginManager: Mounting plugin IOSDeviceProfileSelector
LogPluginManager: Mounting plugin LinuxDeviceProfileSelector
LogPluginManager: Mounting plugin LocationServicesBPLibrary
LogPluginManager: Mounting plugin MobilePatchingUtils
LogPluginManager: Mounting plugin OculusVR
LogPluginManager: Mounting plugin PhysXVehicles
LogPluginManager: Mounting plugin PostSplashScreen
LogPluginManager: Mounting plugin ProceduralMeshComponent
LogPluginManager: Mounting plugin RuntimePhysXCooking
LogPluginManager: Mounting plugin SignificanceManager
LogPluginManager: Mounting plugin SteamVR
LogPluginManager: Mounting plugin WebMMoviePlayer
LogPluginManager: Mounting plugin WindowsMoviePlayer
LogPluginManager: Mounting plugin ScreenshotTools
LogInit: Using libcurl 7.55.1-DEV
LogInit:  - built for x86_64-pc-win32
LogInit:  - supports SSL with OpenSSL/1.1.1
LogInit:  - supports HTTP deflate (compression) using libz 1.2.8
LogInit:  - other features:
LogInit:      CURL_VERSION_SSL
LogInit:      CURL_VERSION_LIBZ
LogInit:      CURL_VERSION_IPV6
LogInit:      CURL_VERSION_ASYNCHDNS
LogInit:      CURL_VERSION_LARGEFILE
LogInit:      CURL_VERSION_IDN
LogInit:  CurlRequestOptions (configurable via config and command line):
LogInit:  - bVerifyPeer = true  - Libcurl will verify peer certificate
LogInit:  - bUseHttpProxy = false  - Libcurl will NOT use HTTP proxy
LogInit:  - bDontReuseConnections = false  - Libcurl will reuse connections
LogInit:  - MaxHostConnections = 16  - Libcurl will limit the number of connections to a host
LogInit:  - LocalHostAddr = Default
LogInit:  - BufferSize = 65536
LogOnline: OSS: Creating online subsystem instance for: NULL
LogInit: WinSock: version 1.1 (2.2), MaxSocks=32767, MaxUdp=65467
LogOnline: OSS: TryLoadSubsystemAndSetDefault: Loaded subsystem for module [NULL]
LogInit: Build: ++UE4+Release-4.24-CL-11590370
LogInit: Engine Version: 4.24.3-11590370+++UE4+Release-4.24
LogInit: Compatible Engine Version: 4.24.0-10570792+++UE4+Release-4.24
LogInit: Net CL: 10570792
LogInit: OS: Windows 10 (Release 1903) (), CPU: Intel(R) Core(TM) i5-6300HQ CPU @ 2.30GHz, GPU: Intel(R) HD Graphics 530
LogInit: Compiled (64-bit): Feb 24 2020 15:39:18
LogInit: Compiled with Visual C++: 19.16.27032.01
LogInit: Build Configuration: Development
LogInit: Branch Name: ++UE4+Release-4.24
LogInit: Command Line: 
LogInit: Base Directory: C:/Program Files/Epic Games/UE_4.24/Engine/Binaries/Win64/
LogInit: Installed Engine Build: 1
LogDevObjectVersion: Number of dev versions registered: 25
LogDevObjectVersion:   Dev-Blueprints (B0D832E4-1F89-4F0D-ACCF-7EB736FD4AA2): 10
LogDevObjectVersion:   Dev-Build (E1C64328-A22C-4D53-A36C-8E866417BD8C): 0
LogDevObjectVersion:   Dev-Core (375EC13C-06E4-48FB-B500-84F0262A717E): 3
LogDevObjectVersion:   Dev-Editor (E4B068ED-F494-42E9-A231-DA0B2E46BB41): 37
LogDevObjectVersion:   Dev-Framework (CFFC743F-43B0-4480-9391-14DF171D2073): 36
LogDevObjectVersion:   Dev-Mobile (B02B49B5-BB20-44E9-A304-32B752E40360): 2
LogDevObjectVersion:   Dev-Networking (A4E4105C-59A1-49B5-A7C5-40C4547EDFEE): 0
LogDevObjectVersion:   Dev-Online (39C831C9-5AE6-47DC-9A44-9C173E1C8E7C): 0
LogDevObjectVersion:   Dev-Physics (78F01B33-EBEA-4F98-B9B4-84EACCB95AA2): 2
LogDevObjectVersion:   Dev-Platform (6631380F-2D4D-43E0-8009-CF276956A95A): 0
LogDevObjectVersion:   Dev-Rendering (12F88B9F-8875-4AFC-A67C-D90C383ABD29): 36
LogDevObjectVersion:   Dev-Sequencer (7B5AE74C-D270-4C10-A958-57980B212A5A): 11
LogDevObjectVersion:   Dev-VR (D7296918-1DD6-4BDD-9DE2-64A83CC13884): 2
LogDevObjectVersion:   Dev-LoadTimes (C2A15278-BFE7-4AFE-6C17-90FF531DF755): 1
LogDevObjectVersion:   Private-Geometry (6EACA3D4-40EC-4CC1-B786-8BED09428FC5): 3
LogDevObjectVersion:   Dev-AnimPhys (29E575DD-E0A3-4627-9D10-D276232CDCEA): 17
LogDevObjectVersion:   Dev-Anim (AF43A65D-7FD3-4947-9873-3E8ED9C1BB05): 2
LogDevObjectVersion:   Dev-ReflectionCapture (6B266CEC-1EC7-4B8F-A30B-E4D90942FC07): 1
LogDevObjectVersion:   Dev-Automation (0DF73D61-A23F-47EA-B727-89E90C41499A): 1
LogDevObjectVersion:   FortniteMain (601D1886-AC64-4F84-AA16-D3DE0DEAC7D6): 31
LogDevObjectVersion:   Dev-Enterprise (9DFFBCD6-494F-0158-E221-12823C92A888): 8
LogDevObjectVersion:   Dev-Niagara (F2AED0AC-9AFE-416F-8664-AA7FFA26D6FC): 1
LogDevObjectVersion:   Dev-Destruction (174F1F0B-B4C6-45A5-B13F-2EE8D0FB917D): 9
LogDevObjectVersion:   Dev-Physics-Ext (35F94A83-E258-406C-A318-09F59610247C): 8
LogDevObjectVersion:   Dev-CineCamera (B2E18506-4273-CFC2-A54E-F4BB758BBA07): 1
LogInit: Presizing for max 25165824 objects, including 0 objects not considered by GC, pre-allocating 0 bytes for permanent pool.
LogInit: Object subsystem initialized
LogConfig: Setting CVar [[con.DebugEarlyDefault:1]]
LogConfig: Setting CVar [[r.setres:1280x720]]
[2020.08.22-05.42.52:095][  0]LogConfig: Setting CVar [[r.VSync:0]]
[2020.08.22-05.42.52:095][  0]LogConfig: Setting CVar [[r.RHICmdBypass:0]]
[2020.08.22-05.42.52:096][  0]LogConfig: Applying CVar settings from Section [/Script/Engine.RendererSettings] File [C:/Users/valen/OneDrive/Documentos/GitHub/Schizophrenic-Playboys/Crossy/Saved/Config/Windows/Engine.ini]
[2020.08.22-05.42.52:096][  0]LogConfig: Setting CVar [[r.GPUCrashDebugging:0]]
[2020.08.22-05.42.52:096][  0]LogConfig: Applying CVar settings from Section [/Script/Engine.RendererOverrideSettings] File [C:/Users/valen/OneDrive/Documentos/GitHub/Schizophrenic-Playboys/Crossy/Saved/Config/Windows/Engine.ini]
[2020.08.22-05.42.52:096][  0]LogConfig: Applying CVar settings from Section [/Script/Engine.StreamingSettings] File [C:/Users/valen/OneDrive/Documentos/GitHub/Schizophrenic-Playboys/Crossy/Saved/Config/Windows/Engine.ini]
[2020.08.22-05.42.52:096][  0]LogConfig: Setting CVar [[s.MinBulkDataSizeForAsyncLoading:131072]]
[2020.08.22-05.42.52:096][  0]LogConfig: Setting CVar [[s.AsyncLoadingThreadEnabled:0]]
[2020.08.22-05.42.52:096][  0]LogConfig: Setting CVar [[s.EventDrivenLoaderEnabled:1]]
[2020.08.22-05.42.52:096][  0]LogConfig: Setting CVar [[s.WarnIfTimeLimitExceeded:0]]
[2020.08.22-05.42.52:096][  0]LogConfig: Setting CVar [[s.TimeLimitExceededMultiplier:1.5]]
[2020.08.22-05.42.52:096][  0]LogConfig: Setting CVar [[s.TimeLimitExceededMinTime:0.005]]
[2020.08.22-05.42.52:096][  0]LogConfig: Setting CVar [[s.UseBackgroundLevelStreaming:1]]
[2020.08.22-05.42.52:096][  0]LogConfig: Setting CVar [[s.PriorityAsyncLoadingExtraTime:15.0]]
[2020.08.22-05.42.52:096][  0]LogConfig: Setting CVar [[s.LevelStreamingActorsUpdateTimeLimit:5.0]]
[2020.08.22-05.42.52:096][  0]LogConfig: Setting CVar [[s.PriorityLevelStreamingActorsUpdateExtraTime:5.0]]
[2020.08.22-05.42.52:096][  0]LogConfig: Setting CVar [[s.LevelStreamingComponentsRegistrationGranularity:10]]
[2020.08.22-05.42.52:096][  0]LogConfig: Setting CVar [[s.UnregisterComponentsTimeLimit:1.0]]
[2020.08.22-05.42.52:096][  0]LogConfig: Setting CVar [[s.LevelStreamingComponentsUnregistrationGranularity:5]]
[2020.08.22-05.42.52:096][  0]LogConfig: Setting CVar [[s.FlushStreamingOnExit:1]]
[2020.08.22-05.42.52:096][  0]LogConfig: Applying CVar settings from Section [/Script/Engine.GarbageCollectionSettings] File [C:/Users/valen/OneDrive/Documentos/GitHub/Schizophrenic-Playboys/Crossy/Saved/Config/Windows/Engine.ini]
[2020.08.22-05.42.52:096][  0]LogConfig: Setting CVar [[gc.MaxObjectsNotConsideredByGC:1]]
[2020.08.22-05.42.52:096][  0]LogConfig: Setting CVar [[gc.SizeOfPermanentObjectPool:0]]
[2020.08.22-05.42.52:096][  0]LogConfig: Setting CVar [[gc.FlushStreamingOnGC:0]]
[2020.08.22-05.42.52:096][  0]LogConfig: Setting CVar [[gc.NumRetriesBeforeForcingGC:10]]
[2020.08.22-05.42.52:096][  0]LogConfig: Setting CVar [[gc.AllowParallelGC:1]]
[2020.08.22-05.42.52:096][  0]LogConfig: Setting CVar [[gc.TimeBetweenPurgingPendingKillObjects:61.1]]
[2020.08.22-05.42.52:096][  0]LogConfig: Setting CVar [[gc.MaxObjectsInEditor:25165824]]
[2020.08.22-05.42.52:096][  0]LogConfig: Setting CVar [[gc.IncrementalBeginDestroyEnabled:1]]
[2020.08.22-05.42.52:096][  0]LogConfig: Setting CVar [[gc.CreateGCClusters:1]]
[2020.08.22-05.42.52:096][  0]LogConfig: Setting CVar [[gc.MinGCClusterSize:5]]
[2020.08.22-05.42.52:096][  0]LogConfig: Setting CVar [[gc.ActorClusteringEnabled:0]]
[2020.08.22-05.42.52:096][  0]LogConfig: Setting CVar [[gc.BlueprintClusteringEnabled:0]]
[2020.08.22-05.42.52:096][  0]LogConfig: Setting CVar [[gc.UseDisregardForGCOnDedicatedServers:0]]
[2020.08.22-05.42.52:096][  0]LogConfig: Applying CVar settings from Section [/Script/Engine.NetworkSettings] File [C:/Users/valen/OneDrive/Documentos/GitHub/Schizophrenic-Playboys/Crossy/Saved/Config/Windows/Engine.ini]
[2020.08.22-05.42.52:097][  0]LogConfig: Applying CVar settings from Section [/Script/UnrealEd.CookerSettings] File [C:/Users/valen/OneDrive/Documentos/GitHub/Schizophrenic-Playboys/Crossy/Saved/Config/Windows/Engine.ini]
[2020.08.22-05.42.52:370][  0]LogConfig: Applying CVar settings from Section [ViewDistanceQuality@3] File [C:/Users/valen/OneDrive/Documentos/GitHub/Schizophrenic-Playboys/Crossy/Saved/Config/Windows/Scalability.ini]
[2020.08.22-05.42.52:371][  0]LogConfig: Setting CVar [[r.SkeletalMeshLODBias:0]]
[2020.08.22-05.42.52:371][  0]LogConfig: Setting CVar [[r.ViewDistanceScale:1.0]]
[2020.08.22-05.42.52:371][  0]LogConfig: Applying CVar settings from Section [AntiAliasingQuality@3] File [C:/Users/valen/OneDrive/Documentos/GitHub/Schizophrenic-Playboys/Crossy/Saved/Config/Windows/Scalability.ini]
[2020.08.22-05.42.52:371][  0]LogConfig: Setting CVar [[r.PostProcessAAQuality:4]]
[2020.08.22-05.42.52:371][  0]LogConfig: Applying CVar settings from Section [ShadowQuality@3] File [C:/Users/valen/OneDrive/Documentos/GitHub/Schizophrenic-Playboys/Crossy/Saved/Config/Windows/Scalability.ini]
[2020.08.22-05.42.52:371][  0]LogConfig: Setting CVar [[r.LightFunctionQuality:1]]
[2020.08.22-05.42.52:371][  0]LogConfig: Setting CVar [[r.ShadowQuality:5]]
[2020.08.22-05.42.52:371][  0]LogConfig: Setting CVar [[r.Shadow.CSM.MaxCascades:10]]
[2020.08.22-05.42.52:371][  0]LogConfig: Setting CVar [[r.Shadow.MaxResolution:2048]]
[2020.08.22-05.42.52:371][  0]LogConfig: Setting CVar [[r.Shadow.MaxCSMResolution:2048]]
[2020.08.22-05.42.52:371][  0]LogConfig: Setting CVar [[r.Shadow.RadiusThreshold:0.01]]
[2020.08.22-05.42.52:371][  0]LogConfig: Setting CVar [[r.Shadow.DistanceScale:1.0]]
[2020.08.22-05.42.52:371][  0]LogConfig: Setting CVar [[r.Shadow.CSM.TransitionScale:1.0]]
[2020.08.22-05.42.52:371][  0]LogConfig: Setting CVar [[r.Shadow.PreShadowResolutionFactor:1.0]]
[2020.08.22-05.42.52:371][  0]LogConfig: Setting CVar [[r.DistanceFieldShadowing:1]]
[2020.08.22-05.42.52:371][  0]LogConfig: Setting CVar [[r.DistanceFieldAO:1]]
[2020.08.22-05.42.52:371][  0]LogConfig: Setting CVar [[r.AOQuality:2]]
[2020.08.22-05.42.52:371][  0]LogConfig: Setting CVar [[r.VolumetricFog:1]]
[2020.08.22-05.42.52:371][  0]LogConfig: Setting CVar [[r.VolumetricFog.GridPixelSize:8]]
[2020.08.22-05.42.52:371][  0]LogConfig: Setting CVar [[r.VolumetricFog.GridSizeZ:128]]
[2020.08.22-05.42.52:371][  0]LogConfig: Setting CVar [[r.VolumetricFog.HistoryMissSupersampleCount:4]]
[2020.08.22-05.42.52:371][  0]LogConfig: Setting CVar [[r.LightMaxDrawDistanceScale:1]]
[2020.08.22-05.42.52:371][  0]LogConfig: Setting CVar [[r.CapsuleShadows:1]]
[2020.08.22-05.42.52:371][  0]LogConfig: Applying CVar settings from Section [PostProcessQuality@3] File [C:/Users/valen/OneDrive/Documentos/GitHub/Schizophrenic-Playboys/Crossy/Saved/Config/Windows/Scalability.ini]
[2020.08.22-05.42.52:371][  0]LogConfig: Setting CVar [[r.MotionBlurQuality:4]]
[2020.08.22-05.42.52:371][  0]LogConfig: Setting CVar [[r.AmbientOcclusionMipLevelFactor:0.4]]
[2020.08.22-05.42.52:371][  0]LogConfig: Setting CVar [[r.AmbientOcclusionMaxQuality:100]]
[2020.08.22-05.42.52:371][  0]LogConfig: Setting CVar [[r.AmbientOcclusionLevels:-1]]
[2020.08.22-05.42.52:371][  0]LogConfig: Setting CVar [[r.AmbientOcclusionRadiusScale:1.0]]
[2020.08.22-05.42.52:371][  0]LogConfig: Setting CVar [[r.DepthOfFieldQuality:2]]
[2020.08.22-05.42.52:371][  0]LogConfig: Setting CVar [[r.RenderTargetPoolMin:400]]
[2020.08.22-05.42.52:371][  0]LogConfig: Setting CVar [[r.LensFlareQuality:2]]
[2020.08.22-05.42.52:371][  0]LogConfig: Setting CVar [[r.SceneColorFringeQuality:1]]
[2020.08.22-05.42.52:371][  0]LogConfig: Setting CVar [[r.EyeAdaptationQuality:2]]
[2020.08.22-05.42.52:371][  0]LogConfig: Setting CVar [[r.BloomQuality:5]]
[2020.08.22-05.42.52:371][  0]LogConfig: Setting CVar [[r.FastBlurThreshold:100]]
[2020.08.22-05.42.52:371][  0]LogConfig: Setting CVar [[r.Upscale.Quality:3]]
[2020.08.22-05.42.52:372][  0]LogConfig: Setting CVar [[r.Tonemapper.GrainQuantization:1]]
[2020.08.22-05.42.52:372][  0]LogConfig: Setting CVar [[r.LightShaftQuality:1]]
[2020.08.22-05.42.52:372][  0]LogConfig: Setting CVar [[r.Filter.SizeScale:1]]
[2020.08.22-05.42.52:372][  0]LogConfig: Setting CVar [[r.Tonemapper.Quality:5]]
[2020.08.22-05.42.52:372][  0]LogConfig: Setting CVar [[r.DOF.Gather.AccumulatorQuality:1        ; higher gathering accumulator quality]]
[2020.08.22-05.42.52:372][  0]LogConfig: Setting CVar [[r.DOF.Gather.PostfilterMethod:1          ; Median3x3 postfilering method]]
[2020.08.22-05.42.52:372][  0]LogConfig: Setting CVar [[r.DOF.Gather.EnableBokehSettings:0       ; no bokeh simulation when gathering]]
[2020.08.22-05.42.52:372][  0]LogConfig: Setting CVar [[r.DOF.Gather.RingCount:4                 ; medium number of samples when gathering]]
[2020.08.22-05.42.52:372][  0]LogConfig: Setting CVar [[r.DOF.Scatter.ForegroundCompositing:1    ; additive foreground scattering]]
[2020.08.22-05.42.52:372][  0]LogConfig: Setting CVar [[r.DOF.Scatter.BackgroundCompositing:2    ; additive background scattering]]
[2020.08.22-05.42.52:372][  0]LogConfig: Setting CVar [[r.DOF.Scatter.EnableBokehSettings:1      ; bokeh simulation when scattering]]
[2020.08.22-05.42.52:372][  0]LogConfig: Setting CVar [[r.DOF.Scatter.MaxSpriteRatio:0.1         ; only a maximum of 10% of scattered bokeh]]
[2020.08.22-05.42.52:372][  0]LogConfig: Setting CVar [[r.DOF.Recombine.Quality:1                ; cheap slight out of focus]]
[2020.08.22-05.42.52:372][  0]LogConfig: Setting CVar [[r.DOF.Recombine.EnableBokehSettings:0    ; no bokeh simulation on slight out of focus]]
[2020.08.22-05.42.52:372][  0]LogConfig: Setting CVar [[r.DOF.TemporalAAQuality:1                ; more stable temporal accumulation]]
[2020.08.22-05.42.52:372][  0]LogConfig: Setting CVar [[r.DOF.Kernel.MaxForegroundRadius:0.025]]
[2020.08.22-05.42.52:372][  0]LogConfig: Setting CVar [[r.DOF.Kernel.MaxBackgroundRadius:0.025]]
[2020.08.22-05.42.52:372][  0]LogConfig: Applying CVar settings from Section [TextureQuality@3] File [C:/Users/valen/OneDrive/Documentos/GitHub/Schizophrenic-Playboys/Crossy/Saved/Config/Windows/Scalability.ini]
[2020.08.22-05.42.52:372][  0]LogConfig: Setting CVar [[r.Streaming.MipBias:0]]
[2020.08.22-05.42.52:372][  0]LogConfig: Setting CVar [[r.Streaming.AmortizeCPUToGPUCopy:0]]
[2020.08.22-05.42.52:372][  0]LogConfig: Setting CVar [[r.Streaming.MaxNumTexturesToStreamPerFrame:0]]
[2020.08.22-05.42.52:372][  0]LogConfig: Setting CVar [[r.Streaming.Boost:1]]
[2020.08.22-05.42.52:372][  0]LogConfig: Setting CVar [[r.MaxAnisotropy:8]]
[2020.08.22-05.42.52:372][  0]LogConfig: Setting CVar [[r.VT.MaxAnisotropy:8]]
[2020.08.22-05.42.52:372][  0]LogConfig: Setting CVar [[r.Streaming.LimitPoolSizeToVRAM:0]]
[2020.08.22-05.42.52:372][  0]LogConfig: Setting CVar [[r.Streaming.PoolSize:1000]]
[2020.08.22-05.42.52:372][  0]LogConfig: Setting CVar [[r.Streaming.MaxEffectiveScreenSize:0]]
[2020.08.22-05.42.52:372][  0]LogConfig: Applying CVar settings from Section [EffectsQuality@3] File [C:/Users/valen/OneDrive/Documentos/GitHub/Schizophrenic-Playboys/Crossy/Saved/Config/Windows/Scalability.ini]
[2020.08.22-05.42.52:372][  0]LogConfig: Setting CVar [[r.TranslucencyLightingVolumeDim:64]]
[2020.08.22-05.42.52:372][  0]LogConfig: Setting CVar [[r.RefractionQuality:2]]
[2020.08.22-05.42.52:372][  0]LogConfig: Setting CVar [[r.SSR.Quality:3]]
[2020.08.22-05.42.52:372][  0]LogConfig: Setting CVar [[r.SSR.HalfResSceneColor:0]]
[2020.08.22-05.42.52:372][  0]LogConfig: Setting CVar [[r.SceneColorFormat:4]]
[2020.08.22-05.42.52:372][  0]LogConfig: Setting CVar [[r.DetailMode:2]]
[2020.08.22-05.42.52:372][  0]LogConfig: Setting CVar [[r.TranslucencyVolumeBlur:1]]
[2020.08.22-05.42.52:372][  0]LogConfig: Setting CVar [[r.MaterialQualityLevel:1 ; High quality]]
[2020.08.22-05.42.52:372][  0]LogConfig: Setting CVar [[r.SSS.Scale:1]]
[2020.08.22-05.42.52:372][  0]LogConfig: Setting CVar [[r.SSS.SampleSet:2]]
[2020.08.22-05.42.52:372][  0]LogConfig: Setting CVar [[r.SSS.Quality:1]]
[2020.08.22-05.42.52:372][  0]LogConfig: Setting CVar [[r.SSS.HalfRes:1]]
[2020.08.22-05.42.52:372][  0]LogConfig: Setting CVar [[r.SSGI.Quality:3]]
[2020.08.22-05.42.52:372][  0]LogConfig: Setting CVar [[r.EmitterSpawnRateScale:1.0]]
[2020.08.22-05.42.52:372][  0]LogConfig: Setting CVar [[r.ParticleLightQuality:2]]
[2020.08.22-05.42.52:372][  0]LogConfig: Setting CVar [[r.SkyAtmosphere.AerialPerspectiveLUT.FastApplyOnOpaque:1 ; Always have FastSkyLUT 1 in this case to avoid wrong sky]]
[2020.08.22-05.42.52:373][  0]LogConfig: Setting CVar [[r.SkyAtmosphere.AerialPerspectiveLUT.SampleCountPerSlice:1]]
[2020.08.22-05.42.52:373][  0]LogConfig: Setting CVar [[r.SkyAtmosphere.AerialPerspectiveLUT.DepthResolution:16.0]]
[2020.08.22-05.42.52:373][  0]LogConfig: Setting CVar [[r.SkyAtmosphere.FastSkyLUT:1]]
[2020.08.22-05.42.52:373][  0]LogConfig: Setting CVar [[r.SkyAtmosphere.FastSkyLUT.SampleCountMin:4.0]]
[2020.08.22-05.42.52:373][  0]LogConfig: Setting CVar [[r.SkyAtmosphere.FastSkyLUT.SampleCountMax:32.0]]
[2020.08.22-05.42.52:373][  0]LogConfig: Setting CVar [[r.SkyAtmosphere.SampleCountMin:4.0]]
[2020.08.22-05.42.52:373][  0]LogConfig: Setting CVar [[r.SkyAtmosphere.SampleCountMax:32.0]]
[2020.08.22-05.42.52:373][  0]LogConfig: Setting CVar [[r.SkyAtmosphere.TransmittanceLUT.UseSmallFormat:0]]
[2020.08.22-05.42.52:373][  0]LogConfig: Setting CVar [[r.SkyAtmosphere.TransmittanceLUT.SampleCount:10.0]]
[2020.08.22-05.42.52:373][  0]LogConfig: Setting CVar [[r.SkyAtmosphere.MultiScatteringLUT.SampleCount:15.0]]
[2020.08.22-05.42.52:373][  0]LogConfig: Applying CVar settings from Section [FoliageQuality@3] File [C:/Users/valen/OneDrive/Documentos/GitHub/Schizophrenic-Playboys/Crossy/Saved/Config/Windows/Scalability.ini]
[2020.08.22-05.42.52:373][  0]LogConfig: Setting CVar [[foliage.DensityScale:1.0]]
[2020.08.22-05.42.52:373][  0]LogConfig: Setting CVar [[grass.DensityScale:1.0]]
[2020.08.22-05.42.52:373][  0]LogConfig: Applying CVar settings from Section [ShadingQuality@3] File [C:/Users/valen/OneDrive/Documentos/GitHub/Schizophrenic-Playboys/Crossy/Saved/Config/Windows/Scalability.ini]
[2020.08.22-05.42.52:373][  0]LogConfig: Setting CVar [[r.HairStrands.SkyLighting.SampleCount:16]]
[2020.08.22-05.42.52:373][  0]LogConfig: Setting CVar [[r.HairStrands.SkyLighting.JitterIntegration:0]]
[2020.08.22-05.42.52:373][  0]LogConfig: Setting CVar [[r.HairStrands.SkyAO.SampleCount:16]]
[2020.08.22-05.42.52:373][  0]LogInit: Selected Device Profile: [Windows]
[2020.08.22-05.42.52:373][  0]LogInit: Applying CVar settings loaded from the selected device profile: [Windows]
[2020.08.22-05.42.52:493][  0]LogHAL: Display: Platform has ~ 8 GB [8409481216 / 8589934592 / 8], which maps to Default [LargestMinGB=32, LargerMinGB=12, DefaultMinGB=8, SmallerMinGB=6, SmallestMinGB=0)
[2020.08.22-05.42.52:493][  0]LogInit: Going up to parent DeviceProfile []
[2020.08.22-05.42.52:493][  0]LogConfig: Applying CVar settings from Section [ViewDistanceQuality@3] File [C:/Users/valen/OneDrive/Documentos/GitHub/Schizophrenic-Playboys/Crossy/Saved/Config/Windows/Scalability.ini]
[2020.08.22-05.42.52:493][  0]LogConfig: Setting CVar [[r.SkeletalMeshLODBias:0]]
[2020.08.22-05.42.52:493][  0]LogConfig: Setting CVar [[r.ViewDistanceScale:1.0]]
[2020.08.22-05.42.52:493][  0]LogConfig: Applying CVar settings from Section [AntiAliasingQuality@3] File [C:/Users/valen/OneDrive/Documentos/GitHub/Schizophrenic-Playboys/Crossy/Saved/Config/Windows/Scalability.ini]
[2020.08.22-05.42.52:493][  0]LogConfig: Setting CVar [[r.PostProcessAAQuality:4]]
[2020.08.22-05.42.52:493][  0]LogConfig: Applying CVar settings from Section [ShadowQuality@3] File [C:/Users/valen/OneDrive/Documentos/GitHub/Schizophrenic-Playboys/Crossy/Saved/Config/Windows/Scalability.ini]
[2020.08.22-05.42.52:493][  0]LogConfig: Setting CVar [[r.LightFunctionQuality:1]]
[2020.08.22-05.42.52:493][  0]LogConfig: Setting CVar [[r.ShadowQuality:5]]
[2020.08.22-05.42.52:493][  0]LogConfig: Setting CVar [[r.Shadow.CSM.MaxCascades:10]]
[2020.08.22-05.42.52:493][  0]LogConfig: Setting CVar [[r.Shadow.MaxResolution:2048]]
[2020.08.22-05.42.52:493][  0]LogConfig: Setting CVar [[r.Shadow.MaxCSMResolution:2048]]
[2020.08.22-05.42.52:493][  0]LogConfig: Setting CVar [[r.Shadow.RadiusThreshold:0.01]]
[2020.08.22-05.42.52:493][  0]LogConfig: Setting CVar [[r.Shadow.DistanceScale:1.0]]
[2020.08.22-05.42.52:493][  0]LogConfig: Setting CVar [[r.Shadow.CSM.TransitionScale:1.0]]
[2020.08.22-05.42.52:493][  0]LogConfig: Setting CVar [[r.Shadow.PreShadowResolutionFactor:1.0]]
[2020.08.22-05.42.52:493][  0]LogConfig: Setting CVar [[r.DistanceFieldShadowing:1]]
[2020.08.22-05.42.52:493][  0]LogConfig: Setting CVar [[r.DistanceFieldAO:1]]
[2020.08.22-05.42.52:493][  0]LogConfig: Setting CVar [[r.AOQuality:2]]
[2020.08.22-05.42.52:493][  0]LogConfig: Setting CVar [[r.VolumetricFog:1]]
[2020.08.22-05.42.52:493][  0]LogConfig: Setting CVar [[r.VolumetricFog.GridPixelSize:8]]
[2020.08.22-05.42.52:493][  0]LogConfig: Setting CVar [[r.VolumetricFog.GridSizeZ:128]]
[2020.08.22-05.42.52:494][  0]LogConfig: Setting CVar [[r.VolumetricFog.HistoryMissSupersampleCount:4]]
[2020.08.22-05.42.52:494][  0]LogConfig: Setting CVar [[r.LightMaxDrawDistanceScale:1]]
[2020.08.22-05.42.52:494][  0]LogConfig: Setting CVar [[r.CapsuleShadows:1]]
[2020.08.22-05.42.52:494][  0]LogConfig: Applying CVar settings from Section [PostProcessQuality@3] File [C:/Users/valen/OneDrive/Documentos/GitHub/Schizophrenic-Playboys/Crossy/Saved/Config/Windows/Scalability.ini]
[2020.08.22-05.42.52:494][  0]LogConfig: Setting CVar [[r.MotionBlurQuality:4]]
[2020.08.22-05.42.52:494][  0]LogConfig: Setting CVar [[r.AmbientOcclusionMipLevelFactor:0.4]]
[2020.08.22-05.42.52:494][  0]LogConfig: Setting CVar [[r.AmbientOcclusionMaxQuality:100]]
[2020.08.22-05.42.52:494][  0]LogConfig: Setting CVar [[r.AmbientOcclusionLevels:-1]]
[2020.08.22-05.42.52:494][  0]LogConfig: Setting CVar [[r.AmbientOcclusionRadiusScale:1.0]]
[2020.08.22-05.42.52:494][  0]LogConfig: Setting CVar [[r.DepthOfFieldQuality:2]]
[2020.08.22-05.42.52:494][  0]LogConfig: Setting CVar [[r.RenderTargetPoolMin:400]]
[2020.08.22-05.42.52:494][  0]LogConfig: Setting CVar [[r.LensFlareQuality:2]]
[2020.08.22-05.42.52:494][  0]LogConfig: Setting CVar [[r.SceneColorFringeQuality:1]]
[2020.08.22-05.42.52:494][  0]LogConfig: Setting CVar [[r.EyeAdaptationQuality:2]]
[2020.08.22-05.42.52:494][  0]LogConfig: Setting CVar [[r.BloomQuality:5]]
[2020.08.22-05.42.52:494][  0]LogConfig: Setting CVar [[r.FastBlurThreshold:100]]
[2020.08.22-05.42.52:494][  0]LogConfig: Setting CVar [[r.Upscale.Quality:3]]
[2020.08.22-05.42.52:494][  0]LogConfig: Setting CVar [[r.Tonemapper.GrainQuantization:1]]
[2020.08.22-05.42.52:494][  0]LogConfig: Setting CVar [[r.LightShaftQuality:1]]
[2020.08.22-05.42.52:494][  0]LogConfig: Setting CVar [[r.Filter.SizeScale:1]]
[2020.08.22-05.42.52:494][  0]LogConfig: Setting CVar [[r.Tonemapper.Quality:5]]
[2020.08.22-05.42.52:494][  0]LogConfig: Setting CVar [[r.DOF.Gather.AccumulatorQuality:1        ; higher gathering accumulator quality]]
[2020.08.22-05.42.52:494][  0]LogConfig: Setting CVar [[r.DOF.Gather.PostfilterMethod:1          ; Median3x3 postfilering method]]
[2020.08.22-05.42.52:494][  0]LogConfig: Setting CVar [[r.DOF.Gather.EnableBokehSettings:0       ; no bokeh simulation when gathering]]
[2020.08.22-05.42.52:494][  0]LogConfig: Setting CVar [[r.DOF.Gather.RingCount:4                 ; medium number of samples when gathering]]
[2020.08.22-05.42.52:494][  0]LogConfig: Setting CVar [[r.DOF.Scatter.ForegroundCompositing:1    ; additive foreground scattering]]
[2020.08.22-05.42.52:494][  0]LogConfig: Setting CVar [[r.DOF.Scatter.BackgroundCompositing:2    ; additive background scattering]]
[2020.08.22-05.42.52:494][  0]LogConfig: Setting CVar [[r.DOF.Scatter.EnableBokehSettings:1      ; bokeh simulation when scattering]]
[2020.08.22-05.42.52:494][  0]LogConfig: Setting CVar [[r.DOF.Scatter.MaxSpriteRatio:0.1         ; only a maximum of 10% of scattered bokeh]]
[2020.08.22-05.42.52:494][  0]LogConfig: Setting CVar [[r.DOF.Recombine.Quality:1                ; cheap slight out of focus]]
[2020.08.22-05.42.52:494][  0]LogConfig: Setting CVar [[r.DOF.Recombine.EnableBokehSettings:0    ; no bokeh simulation on slight out of focus]]
[2020.08.22-05.42.52:494][  0]LogConfig: Setting CVar [[r.DOF.TemporalAAQuality:1                ; more stable temporal accumulation]]
[2020.08.22-05.42.52:494][  0]LogConfig: Setting CVar [[r.DOF.Kernel.MaxForegroundRadius:0.025]]
[2020.08.22-05.42.52:494][  0]LogConfig: Setting CVar [[r.DOF.Kernel.MaxBackgroundRadius:0.025]]
[2020.08.22-05.42.52:494][  0]LogConfig: Applying CVar settings from Section [TextureQuality@3] File [C:/Users/valen/OneDrive/Documentos/GitHub/Schizophrenic-Playboys/Crossy/Saved/Config/Windows/Scalability.ini]
[2020.08.22-05.42.52:494][  0]LogConfig: Setting CVar [[r.Streaming.MipBias:0]]
[2020.08.22-05.42.52:494][  0]LogConfig: Setting CVar [[r.Streaming.AmortizeCPUToGPUCopy:0]]
[2020.08.22-05.42.52:494][  0]LogConfig: Setting CVar [[r.Streaming.MaxNumTexturesToStreamPerFrame:0]]
[2020.08.22-05.42.52:494][  0]LogConfig: Setting CVar [[r.Streaming.Boost:1]]
[2020.08.22-05.42.52:494][  0]LogConfig: Setting CVar [[r.MaxAnisotropy:8]]
[2020.08.22-05.42.52:494][  0]LogConfig: Setting CVar [[r.VT.MaxAnisotropy:8]]
[2020.08.22-05.42.52:494][  0]LogConfig: Setting CVar [[r.Streaming.LimitPoolSizeToVRAM:0]]
[2020.08.22-05.42.52:494][  0]LogConfig: Setting CVar [[r.Streaming.PoolSize:1000]]
[2020.08.22-05.42.52:495][  0]LogConfig: Setting CVar [[r.Streaming.MaxEffectiveScreenSize:0]]
[2020.08.22-05.42.52:495][  0]LogConfig: Applying CVar settings from Section [EffectsQuality@3] File [C:/Users/valen/OneDrive/Documentos/GitHub/Schizophrenic-Playboys/Crossy/Saved/Config/Windows/Scalability.ini]
[2020.08.22-05.42.52:495][  0]LogConfig: Setting CVar [[r.TranslucencyLightingVolumeDim:64]]
[2020.08.22-05.42.52:495][  0]LogConfig: Setting CVar [[r.RefractionQuality:2]]
[2020.08.22-05.42.52:495][  0]LogConfig: Setting CVar [[r.SSR.Quality:3]]
[2020.08.22-05.42.52:495][  0]LogConfig: Setting CVar [[r.SSR.HalfResSceneColor:0]]
[2020.08.22-05.42.52:495][  0]LogConfig: Setting CVar [[r.SceneColorFormat:4]]
[2020.08.22-05.42.52:495][  0]LogConfig: Setting CVar [[r.DetailMode:2]]
[2020.08.22-05.42.52:495][  0]LogConfig: Setting CVar [[r.TranslucencyVolumeBlur:1]]
[2020.08.22-05.42.52:495][  0]LogConfig: Setting CVar [[r.MaterialQualityLevel:1 ; High quality]]
[2020.08.22-05.42.52:495][  0]LogConfig: Setting CVar [[r.SSS.Scale:1]]
[2020.08.22-05.42.52:495][  0]LogConfig: Setting CVar [[r.SSS.SampleSet:2]]
[2020.08.22-05.42.52:495][  0]LogConfig: Setting CVar [[r.SSS.Quality:1]]
[2020.08.22-05.42.52:495][  0]LogConfig: Setting CVar [[r.SSS.HalfRes:1]]
[2020.08.22-05.42.52:495][  0]LogConfig: Setting CVar [[r.SSGI.Quality:3]]
[2020.08.22-05.42.52:495][  0]LogConfig: Setting CVar [[r.EmitterSpawnRateScale:1.0]]
[2020.08.22-05.42.52:495][  0]LogConfig: Setting CVar [[r.ParticleLightQuality:2]]
[2020.08.22-05.42.52:495][  0]LogConfig: Setting CVar [[r.SkyAtmosphere.AerialPerspectiveLUT.FastApplyOnOpaque:1 ; Always have FastSkyLUT 1 in this case to avoid wrong sky]]
[2020.08.22-05.42.52:495][  0]LogConfig: Setting CVar [[r.SkyAtmosphere.AerialPerspectiveLUT.SampleCountPerSlice:1]]
[2020.08.22-05.42.52:495][  0]LogConfig: Setting CVar [[r.SkyAtmosphere.AerialPerspectiveLUT.DepthResolution:16.0]]
[2020.08.22-05.42.52:495][  0]LogConfig: Setting CVar [[r.SkyAtmosphere.FastSkyLUT:1]]
[2020.08.22-05.42.52:495][  0]LogConfig: Setting CVar [[r.SkyAtmosphere.FastSkyLUT.SampleCountMin:4.0]]
[2020.08.22-05.42.52:495][  0]LogConfig: Setting CVar [[r.SkyAtmosphere.FastSkyLUT.SampleCountMax:32.0]]
[2020.08.22-05.42.52:495][  0]LogConfig: Setting CVar [[r.SkyAtmosphere.SampleCountMin:4.0]]
[2020.08.22-05.42.52:495][  0]LogConfig: Setting CVar [[r.SkyAtmosphere.SampleCountMax:32.0]]
[2020.08.22-05.42.52:495][  0]LogConfig: Setting CVar [[r.SkyAtmosphere.TransmittanceLUT.UseSmallFormat:0]]
[2020.08.22-05.42.52:495][  0]LogConfig: Setting CVar [[r.SkyAtmosphere.TransmittanceLUT.SampleCount:10.0]]
[2020.08.22-05.42.52:495][  0]LogConfig: Setting CVar [[r.SkyAtmosphere.MultiScatteringLUT.SampleCount:15.0]]
[2020.08.22-05.42.52:495][  0]LogConfig: Applying CVar settings from Section [FoliageQuality@3] File [C:/Users/valen/OneDrive/Documentos/GitHub/Schizophrenic-Playboys/Crossy/Saved/Config/Windows/Scalability.ini]
[2020.08.22-05.42.52:495][  0]LogConfig: Setting CVar [[foliage.DensityScale:1.0]]
[2020.08.22-05.42.52:495][  0]LogConfig: Setting CVar [[grass.DensityScale:1.0]]
[2020.08.22-05.42.52:495][  0]LogConfig: Applying CVar settings from Section [ShadingQuality@3] File [C:/Users/valen/OneDrive/Documentos/GitHub/Schizophrenic-Playboys/Crossy/Saved/Config/Windows/Scalability.ini]
[2020.08.22-05.42.52:495][  0]LogConfig: Setting CVar [[r.HairStrands.SkyLighting.SampleCount:16]]
[2020.08.22-05.42.52:495][  0]LogConfig: Setting CVar [[r.HairStrands.SkyLighting.JitterIntegration:0]]
[2020.08.22-05.42.52:495][  0]LogConfig: Setting CVar [[r.HairStrands.SkyAO.SampleCount:16]]
[2020.08.22-05.42.52:495][  0]LogConfig: Applying CVar settings from Section [Startup] File [../../../Engine/Config/ConsoleVariables.ini]
[2020.08.22-05.42.52:561][  0]LogConfig: Setting CVar [[net.UseAdaptiveNetUpdateFrequency:0]]
[2020.08.22-05.42.52:561][  0]LogConfig: Setting CVar [[p.chaos.AllowCreatePhysxBodies:1]]
[2020.08.22-05.42.52:561][  0]LogConfig: Applying CVar settings from Section [ConsoleVariables] File [C:/Users/valen/OneDrive/Documentos/GitHub/Schizophrenic-Playboys/Crossy/Saved/Config/Windows/Engine.ini]
[2020.08.22-05.42.52:589][  0]LogInit: Computer: LAPTOP-S7NCGHUD
[2020.08.22-05.42.52:589][  0]LogInit: User: DuppinkvsDuffunk
[2020.08.22-05.42.52:589][  0]LogInit: CPU Page size=4096, Cores=4
[2020.08.22-05.42.52:589][  0]LogInit: High frequency timer resolution =10.000000 MHz
[2020.08.22-05.42.52:589][  0]LogMemory: Memory total: Physical=7.8GB (8GB approx)
[2020.08.22-05.42.52:604][  0]LogMemory: Platform Memory Stats for Windows
[2020.08.22-05.42.52:604][  0]LogMemory: Process Physical Memory: 108.26 MB used, 108.26 MB peak
[2020.08.22-05.42.52:605][  0]LogMemory: Process Virtual Memory: 99.93 MB used, 99.93 MB peak
[2020.08.22-05.42.52:605][  0]LogMemory: Physical Memory: 5805.00 MB used,  2214.90 MB free, 8019.91 MB total
[2020.08.22-05.42.52:605][  0]LogMemory: Virtual Memory: 5121.76 MB used,  134212608.00 MB free, 134217728.00 MB total
[2020.08.22-05.42.52:667][  0]LogWindows: WindowsPlatformFeatures enabled
[2020.08.22-05.42.54:595][  0]LogInit: Overriding language with editor language configuration option (en).
[2020.08.22-05.42.54:595][  0]LogInit: Overriding locale with editor culture configuration option ().
[2020.08.22-05.42.54:595][  0]LogInit: Using OS detected locale (es-CL).
[2020.08.22-05.42.56:003][  0]LogInit: Setting process to per monitor DPI aware
[2020.08.22-05.42.57:884][  0]LogSlate: New Slate User Created.  User Index 0, Is Virtual User: 0
[2020.08.22-05.42.57:884][  0]LogSlate: Slate User Registered.  User Index 0, Is Virtual User: 0
[2020.08.22-05.43.14:986][  0]LogHMD: Failed to initialize OpenVR with code 110
[2020.08.22-05.43.14:986][  0]LogD3D11RHI: D3D11 min allowed feature level: 11_0
[2020.08.22-05.43.14:986][  0]LogD3D11RHI: D3D11 max allowed feature level: 11_0
[2020.08.22-05.43.14:986][  0]LogD3D11RHI: D3D11 adapters:
[2020.08.22-05.43.16:707][  0]LogD3D11RHI:    0. 'NVIDIA GeForce GTX 960M' (Feature Level 11_0)
[2020.08.22-05.43.16:707][  0]LogD3D11RHI:       4055/0/4009 MB DedicatedVideo/DedicatedSystem/SharedSystem, Outputs:1, VendorId:0x10de
[2020.08.22-05.43.16:905][  0]LogD3D11RHI:    1. 'Intel(R) HD Graphics 530' (Feature Level 11_0)
[2020.08.22-05.43.16:906][  0]LogD3D11RHI:       128/0/4009 MB DedicatedVideo/DedicatedSystem/SharedSystem, Outputs:0, VendorId:0x8086
[2020.08.22-05.43.17:039][  0]LogD3D11RHI:    2. 'Microsoft Basic Render Driver' (Feature Level 11_0)
[2020.08.22-05.43.17:039][  0]LogD3D11RHI:       0/0/4009 MB DedicatedVideo/DedicatedSystem/SharedSystem, Outputs:0, VendorId:0x1414
[2020.08.22-05.43.17:039][  0]LogD3D11RHI: Chosen D3D11 Adapter: 0
[2020.08.22-05.43.17:145][  0]LogD3D11RHI: Creating new Direct3DDevice
[2020.08.22-05.43.17:145][  0]LogD3D11RHI:     GPU DeviceId: 0x139b (for the marketing name, search the web for "GPU Device Id")
[2020.08.22-05.43.17:145][  0]LogWindows: EnumDisplayDevices:
[2020.08.22-05.43.17:146][  0]LogWindows:    0. 'Intel(R) HD Graphics 530' (P:1 D:1)
[2020.08.22-05.43.17:146][  0]LogWindows:    1. 'Intel(R) HD Graphics 530' (P:0 D:0)
[2020.08.22-05.43.17:147][  0]LogWindows:    2. 'Intel(R) HD Graphics 530' (P:0 D:0)
[2020.08.22-05.43.17:147][  0]LogWindows: DebugString: PrimaryIsNotTheChoosenAdapter PrimaryIsNotTheChoosenAdapter PrimaryIsNotTheChoosenAdapter FoundDriverCount:0 
[2020.08.22-05.43.17:147][  0]LogD3D11RHI:     Adapter Name: NVIDIA GeForce GTX 960M
[2020.08.22-05.43.17:147][  0]LogD3D11RHI:   Driver Version: Unknown (internal:Unknown, unified:Unknown)
[2020.08.22-05.43.17:147][  0]LogD3D11RHI:      Driver Date: Unknown
[2020.08.22-05.43.17:147][  0]LogRHI: Texture pool is 2839 MB (70% of 4055 MB)
[2020.08.22-05.43.17:274][  0]LogD3D11RHI: RHI has support for 64 bit atomics
[2020.08.22-05.43.17:275][  0]LogD3D11RHI: Async texture creation enabled
[2020.08.22-05.43.17:880][  0]LogD3D11RHI: GPU Timing Frequency: 1000.000000 (Debug: 2 2)
[2020.08.22-05.43.20:230][  0]LogTargetPlatformManager: Display: Loaded TargetPlatform 'AllDesktop'
[2020.08.22-05.43.20:414][  0]LogTargetPlatformManager: Display: Loaded TargetPlatform 'Android'
[2020.08.22-05.43.20:414][  0]LogTargetPlatformManager: Display: Loaded TargetPlatform 'Android_ASTC'
[2020.08.22-05.43.20:414][  0]LogTargetPlatformManager: Display: Loaded TargetPlatform 'Android_ATC'
[2020.08.22-05.43.20:414][  0]LogTargetPlatformManager: Display: Loaded TargetPlatform 'Android_DXT'
[2020.08.22-05.43.20:414][  0]LogTargetPlatformManager: Display: Loaded TargetPlatform 'Android_ETC1'
[2020.08.22-05.43.20:414][  0]LogTargetPlatformManager: Display: Loaded TargetPlatform 'Android_ETC1a'
[2020.08.22-05.43.20:414][  0]LogTargetPlatformManager: Display: Loaded TargetPlatform 'Android_ETC2'
[2020.08.22-05.43.20:414][  0]LogTargetPlatformManager: Display: Loaded TargetPlatform 'Android_PVRTC'
[2020.08.22-05.43.20:414][  0]LogTargetPlatformManager: Display: Loaded TargetPlatform 'AndroidClient'
[2020.08.22-05.43.20:414][  0]LogTargetPlatformManager: Display: Loaded TargetPlatform 'Android_ASTCClient'
[2020.08.22-05.43.20:414][  0]LogTargetPlatformManager: Display: Loaded TargetPlatform 'Android_ATCClient'
[2020.08.22-05.43.20:414][  0]LogTargetPlatformManager: Display: Loaded TargetPlatform 'Android_DXTClient'
[2020.08.22-05.43.20:414][  0]LogTargetPlatformManager: Display: Loaded TargetPlatform 'Android_ETC1Client'
[2020.08.22-05.43.20:414][  0]LogTargetPlatformManager: Display: Loaded TargetPlatform 'Android_ETC1aClient'
[2020.08.22-05.43.20:414][  0]LogTargetPlatformManager: Display: Loaded TargetPlatform 'Android_ETC2Client'
[2020.08.22-05.43.20:414][  0]LogTargetPlatformManager: Display: Loaded TargetPlatform 'Android_PVRTCClient'
[2020.08.22-05.43.20:414][  0]LogTargetPlatformManager: Display: Loaded TargetPlatform 'Android_Multi'
[2020.08.22-05.43.20:414][  0]LogTargetPlatformManager: Display: Loaded TargetPlatform 'Android_MultiClient'
[2020.08.22-05.43.20:531][  0]LogTargetPlatformManager: Display: Loaded TargetPlatform 'IOSClient'
[2020.08.22-05.43.20:531][  0]LogTargetPlatformManager: Display: Loaded TargetPlatform 'IOS'
[2020.08.22-05.43.20:589][  0]LogTargetPlatformManager: Display: Loaded TargetPlatform 'LinuxNoEditor'
[2020.08.22-05.43.20:624][  0]LogTargetPlatformManager: Display: Loaded TargetPlatform 'LinuxClient'
[2020.08.22-05.43.20:739][  0]LogTargetPlatformManager: Display: Loaded TargetPlatform 'LinuxServer'
[2020.08.22-05.43.20:773][  0]LogTargetPlatformManager: Display: Loaded TargetPlatform 'LinuxAArch64NoEditor'
[2020.08.22-05.43.20:825][  0]LogTargetPlatformManager: Display: Loaded TargetPlatform 'LinuxAArch64Client'
[2020.08.22-05.43.20:851][  0]LogTargetPlatformManager: Display: Loaded TargetPlatform 'LinuxAArch64Server'
[2020.08.22-05.43.21:035][  0]LogTargetPlatformManager: Display: Loaded TargetPlatform 'Lumin'
[2020.08.22-05.43.21:035][  0]LogTargetPlatformManager: Display: Loaded TargetPlatform 'LuminClient'
[2020.08.22-05.43.21:065][  0]LogTargetPlatformManager: Display: Loaded TargetPlatform 'TVOSClient'
[2020.08.22-05.43.21:065][  0]LogTargetPlatformManager: Display: Loaded TargetPlatform 'TVOS'
[2020.08.22-05.43.21:091][  0]LogTargetPlatformManager: Display: Loaded TargetPlatform 'WindowsNoEditor'
[2020.08.22-05.43.21:107][  0]LogTargetPlatformManager: Display: Loaded TargetPlatform 'Windows'
[2020.08.22-05.43.21:257][  0]LogTargetPlatformManager: Display: Loaded TargetPlatform 'WindowsClient'
[2020.08.22-05.43.21:278][  0]LogTargetPlatformManager: Display: Loaded TargetPlatform 'WindowsServer'
[2020.08.22-05.43.21:278][  0]LogTargetPlatformManager: Display: Building Assets For Windows
[2020.08.22-05.43.21:570][  0]LogAudioDebug: Display: Lib vorbis DLL was dynamically loaded.
[2020.08.22-05.43.22:739][  0]LogShaderCompilers: Guid format shader working directory is -41 characters bigger than the processId version (../../../../../../Users/valen/OneDrive/Documentos/GitHub/Schizophrenic-Playboys/Crossy/Intermediate/Shaders/WorkingDirectory/14792/).
[2020.08.22-05.43.22:758][  0]LogShaderCompilers: Cleaned the shader compiler working directory 'C:/Users/valen/AppData/Local/Temp/UnrealShaderWorkingDir/6A90081D42C3776AFC4CD499558A936B/'.
[2020.08.22-05.43.22:998][  0]LogXGEController: Cannot use XGE Controller as Incredibuild is not installed on this machine.
[2020.08.22-05.43.22:998][  0]LogShaderCompilers: Cannot use XGE Shader Compiler as Incredibuild is not installed on this machine.
[2020.08.22-05.43.22:998][  0]LogShaderCompilers: Display: Using Local Shader Compiler.
[2020.08.22-05.43.33:553][  0]LogDerivedDataCache: Display: Max Cache Size: 512 MB
[2020.08.22-05.43.35:079][  0]LogDerivedDataCache: Loaded boot cache 1.50s 78MB C:/Users/valen/AppData/Local/UnrealEngine/4.24/DerivedDataCache/Boot.ddc.
[2020.08.22-05.43.35:079][  0]LogDerivedDataCache: Display: Loaded Boot cache: C:/Users/valen/AppData/Local/UnrealEngine/4.24/DerivedDataCache/Boot.ddc
[2020.08.22-05.43.35:079][  0]LogDerivedDataCache: FDerivedDataBackendGraph:  Pak pak cache file ../../../../../../Users/valen/OneDrive/Documentos/GitHub/Schizophrenic-Playboys/Crossy/DerivedDataCache/DDC.ddp not found, will not use a pak cache.
[2020.08.22-05.43.35:079][  0]LogDerivedDataCache: Unable to find inner node Pak for hierarchical cache Hierarchy.
[2020.08.22-05.43.35:079][  0]LogDerivedDataCache: FDerivedDataBackendGraph:  CompressedPak pak cache file ../../../../../../Users/valen/OneDrive/Documentos/GitHub/Schizophrenic-Playboys/Crossy/DerivedDataCache/Compressed.ddp not found, will not use a pak cache.
[2020.08.22-05.43.35:080][  0]LogDerivedDataCache: Unable to find inner node CompressedPak for hierarchical cache Hierarchy.
[2020.08.22-05.43.35:309][  0]LogDerivedDataCache: Display: Pak cache opened for reading ../../../Engine/DerivedDataCache/Compressed.ddp.
[2020.08.22-05.43.35:309][  0]LogDerivedDataCache: FDerivedDataBackendGraph:  EnterprisePak pak cache file ../../../Enterprise/DerivedDataCache/Compressed.ddp not found, will not use a pak cache.
[2020.08.22-05.43.35:309][  0]LogDerivedDataCache: Unable to find inner node EnterprisePak for hierarchical cache Hierarchy.
[2020.08.22-05.43.35:347][  0]LogDerivedDataCache: Using Local data cache path C:/Users/valen/AppData/Local/UnrealEngine/Common/DerivedDataCache: Writable
[2020.08.22-05.43.35:347][  0]LogDerivedDataCache: Shared data cache path not found in *engine.ini, will not use an Shared cache.
[2020.08.22-05.43.35:347][  0]LogDerivedDataCache: Unable to find inner node Shared for hierarchical cache Hierarchy.
[2020.08.22-05.43.35:484][  0]LogMaterial: Verifying Global Shaders for PCD3D_SM5
[2020.08.22-05.43.35:688][  0]LogSlate: Using FreeType 2.10.0
[2020.08.22-05.43.35:952][  0]LogSlate: SlateFontServices - WITH_FREETYPE: 1, WITH_HARFBUZZ: 1
[2020.08.22-05.43.39:820][  0]LogAssetRegistry: FAssetRegistry took 0.0092 seconds to start up
[2020.08.22-05.44.01:335][  0]LogInit: Selected Device Profile: [Windows]
[2020.08.22-05.44.04:667][  0]LogMeshReduction: Using QuadricMeshReduction for automatic static mesh reduction
[2020.08.22-05.44.04:667][  0]LogMeshReduction: Using SimplygonMeshReduction for automatic skeletal mesh reduction
[2020.08.22-05.44.04:667][  0]LogMeshReduction: Using ProxyLODMeshReduction for automatic mesh merging
[2020.08.22-05.44.04:667][  0]LogMeshReduction: No distributed automatic mesh merging module available
[2020.08.22-05.44.04:720][  0]LogMeshMerging: No distributed automatic mesh merging module available
[2020.08.22-05.44.05:396][  0]LogNetVersion: Crossy 1.0.0, NetCL: 10570792, EngineNetVer: 13, GameNetVer: 0 (Checksum: 2695202448)
[2020.08.22-05.45.00:927][  0]LogPackageLocalizationCache: Processed 10 localized package path(s) for 1 prioritized culture(s) in 0.130412 seconds
[2020.08.22-05.45.00:938][  0]LogUObjectArray: 46750 objects as part of root set at end of initial load.
[2020.08.22-05.45.00:938][  0]LogUObjectAllocator: 8137160 out of 0 bytes used by permanent object pool.
[2020.08.22-05.45.00:938][  0]LogUObjectArray: CloseDisregardForGC: 0/0 objects in disregard for GC pool
[2020.08.22-05.45.09:276][  0]LogTcpMessaging: Initializing TcpMessaging bridge
[2020.08.22-05.45.09:321][  0]LogUdpMessaging: Initializing bridge on interface 0.0.0.0:0 to multicast group 230.0.0.1:6666.
[2020.08.22-05.45.10:425][  0]SourceControl: Source control is disabled
[2020.08.22-05.45.10:425][  0]SourceControl: Source control is disabled
[2020.08.22-05.45.10:686][  0]SourceControl: Source control is disabled
[2020.08.22-05.45.10:718][  0]SourceControl: Source control is disabled
[2020.08.22-05.45.10:879][  0]SourceControl: Source control is disabled
[2020.08.22-05.45.13:436][  0]LogAndroidPermission: UAndroidPermissionCallbackProxy::GetInstance
[2020.08.22-05.45.13:667][  0]LogAudioCaptureCore: Display: No Audio Capture implementations found. Audio input will be silent.
[2020.08.22-05.45.13:667][  0]LogAudioCaptureCore: Display: No Audio Capture implementations found. Audio input will be silent.
[2020.08.22-05.45.14:758][  0]LogOcInput: OculusInput pre-init called
[2020.08.22-05.45.14:829][  0]LogWindows: Failed to load 'OVRPlugin.dll' (GetLastError=126)
[2020.08.22-05.45.14:829][  0]LogWindows: File 'OVRPlugin.dll' does not exist
[2020.08.22-05.45.18:083][  0]LogEngine: Initializing Engine...
[2020.08.22-05.45.18:221][  0]LogHMD: Failed to initialize OpenVR with code 110
[2020.08.22-05.45.18:467][  0]LogStats: UGameplayTagsManager::InitializeManager -  0.174 s
[2020.08.22-05.45.20:614][  0]LogInit: Initializing FReadOnlyCVARCache
[2020.08.22-05.45.21:482][  0]LogAIModule: Creating AISystem for world Untitled
[2020.08.22-05.45.21:729][  0]LogAudioMixer: Display: Audio Mixer Platform Settings:
[2020.08.22-05.45.21:729][  0]LogAudioMixer: Display: 	Sample Rate:						  48000
[2020.08.22-05.45.21:729][  0]LogAudioMixer: Display: 	Callback Buffer Frame Size Requested: 1024
[2020.08.22-05.45.21:729][  0]LogAudioMixer: Display: 	Callback Buffer Frame Size To Use:	  1024
[2020.08.22-05.45.21:729][  0]LogAudioMixer: Display: 	Number of buffers to queue:			  2
[2020.08.22-05.45.21:729][  0]LogAudioMixer: Display: 	Max Channels (voices):				  32
[2020.08.22-05.45.21:729][  0]LogAudioMixer: Display: 	Number of Async Source Workers:		  0
[2020.08.22-05.45.21:729][  0]LogAudio: Display: AudioDevice MaxSources: 32
[2020.08.22-05.45.21:731][  0]LogAudio: Display: Using built-in audio occlusion.
[2020.08.22-05.45.21:731][  0]LogAudioMixer: Display: Initializing audio mixer.
[2020.08.22-05.45.22:050][  0]LogAudioMixer: Display: Audio Device Output Speaker Info:
[2020.08.22-05.45.22:050][  0]LogAudioMixer: Display: Name: Altavoces (Realtek High Definition Audio)
[2020.08.22-05.45.22:050][  0]LogAudioMixer: Display: Is Default: Yes
[2020.08.22-05.45.22:050][  0]LogAudioMixer: Display: Sample Rate: 48000
[2020.08.22-05.45.22:050][  0]LogAudioMixer: Display: Channel Count Used: 2
[2020.08.22-05.45.22:050][  0]LogAudioMixer: Display: Device Channel Count: 2
[2020.08.22-05.45.22:050][  0]LogAudioMixer: Display: Channel Order:
[2020.08.22-05.45.22:050][  0]LogAudioMixer: Display: 0: FrontLeft
[2020.08.22-05.45.22:050][  0]LogAudioMixer: Display: 1: FrontRight
[2020.08.22-05.45.22:462][  0]LogAudioMixer: Display: Using Audio Device Altavoces (Realtek High Definition Audio)
[2020.08.22-05.45.22:515][  0]LogInit: FAudioDevice initialized.
[2020.08.22-05.45.22:516][  0]LogNetVersion: Set ProjectVersion to 1.0.0.0. Version Checksum will be recalculated on next use.
[2020.08.22-05.45.23:368][  0]LogDerivedDataCache: Saved boot cache 0.85s 78MB C:/Users/valen/AppData/Local/UnrealEngine/4.24/DerivedDataCache/Boot.ddc.
[2020.08.22-05.45.23:377][  0]LogInit: Texture streaming: Enabled
[2020.08.22-05.45.23:675][  0]LogEngineSessionManager: EngineSessionManager initialized
[2020.08.22-05.45.23:675][  0]LogEngineSessionManager: EngineSessionManager sent abnormal shutdown report. Type=AbnormalShutdown, SessionId={777E1937-4E03-7EC9-F1CF-0DB868900C8A}
[2020.08.22-05.45.23:676][  0]LogEditorSessionSummary: Verbose: Initializing EditorSessionSummaryWriter for editor session tracking
[2020.08.22-05.45.23:821][  0]LogEditorSessionSummary: EditorSessionSummaryWriter initialized
[2020.08.22-05.45.25:358][  0]LogInit: Transaction tracking system initialized
[2020.08.22-05.45.27:866][  0]BlueprintLog: New page: Editor Load
[2020.08.22-05.45.36:649][  0]LocalizationService: Localization service is disabled
[2020.08.22-05.45.47:062][  0]LogFileCache: Scanning file cache for directory 'C:/Users/valen/OneDrive/Documentos/GitHub/Schizophrenic-Playboys/Crossy/Content/' took 0.06s
[2020.08.22-05.45.47:062][  0]LogCook: Display: Max memory allowance for cook 16384mb min free memory 0mb
[2020.08.22-05.45.47:103][  0]LogCook: Display: Mobile HDR setting 1
[2020.08.22-05.47.23:224][  0]SourceControl: Source control is disabled
[2020.08.22-05.47.24:208][  0]LogSlate: Took 0.246013 seconds to synchronously load lazily loaded font '../../../Engine/Content/Slate/Fonts/Roboto-Regular.ttf' (155K)
[2020.08.22-05.47.25:279][  0]LogD3D11RHI: Timed out while waiting for GPU to catch up. (0.5 s) (ErrorCode 00000001)
[2020.08.22-05.48.36:593][  0]LogSlate: Window 'Restore Packages' being destroyed
[2020.08.22-05.48.36:594][  0]LogWindowsTextInputMethodSystem: Display: IME system now deactivated.
[2020.08.22-05.48.36:856][  0]LogWindowsTextInputMethodSystem: Display: IME system now deactivated.
[2020.08.22-05.48.36:857][  0]Cmd: MAP LOAD FILE="../../../../../../Users/valen/OneDrive/Documentos/GitHub/Schizophrenic-Playboys/Crossy/Content/ThirdPersonBP/Maps/ThirdPersonExampleMap.umap" TEMPLATE=0 SHOWPROGRESS=1 FEATURELEVEL=3
[2020.08.22-05.48.36:858][  0]LightingResults: New page: Lighting Build
[2020.08.22-05.48.36:859][  0]LogWorld: UWorld::CleanupWorld for Untitled, bSessionEnded=true, bCleanupResources=true
[2020.08.22-05.48.36:860][  0]LogSlate: InvalidateAllWidgets triggered.  All widgets were invalidated
[2020.08.22-05.48.36:860][  0]MapCheck: New page: Map Check
[2020.08.22-05.48.36:860][  0]LightingResults: New page: Lighting Build
[2020.08.22-05.48.36:892][  0]LogUObjectHash: Compacting FUObjectHashTables data took   2.82ms
[2020.08.22-05.48.39:215][  0]LogAIModule: Creating AISystem for world ThirdPersonExampleMap
[2020.08.22-05.48.39:220][  0]LogEditorServer: Finished looking for orphan Actors (0.000 secs)
[2020.08.22-05.48.39:257][  0]LogUObjectHash: Compacting FUObjectHashTables data took   2.96ms
[2020.08.22-05.48.39:259][  0]Cmd: MAP CHECKDEP NOCLEARLOG
[2020.08.22-05.48.39:259][  0]MapCheck: Map check complete: 0 Error(s), 0 Warning(s), took 0,276ms to complete.
[2020.08.22-05.48.39:259][  0]LogFileHelpers: Loading map 'ThirdPersonExampleMap' took 2.402
[2020.08.22-05.48.40:299][  0]LogSlate: Updating window title bar state: overlay mode, drag disabled, window buttons hidden, title bar hidden
[2020.08.22-05.48.40:317][  0]LogSlate: Updating window title bar state: overlay mode, drag disabled, window buttons hidden, title bar hidden
[2020.08.22-05.48.40:326][  0]LogSlate: Updating window title bar state: overlay mode, drag disabled, window buttons hidden, title bar hidden
[2020.08.22-05.48.40:334][  0]LogSlate: Updating window title bar state: overlay mode, drag disabled, window buttons hidden, title bar hidden
[2020.08.22-05.48.40:724][  0]LogCollectionManager: Loaded 0 collections in 0.003928 seconds
[2020.08.22-05.48.41:149][  0]LogFileCache: Scanning file cache for directory 'C:/Users/valen/OneDrive/Documentos/GitHub/Schizophrenic-Playboys/Crossy/Saved/Collections/' took 0.00s
[2020.08.22-05.48.41:149][  0]LogFileCache: Scanning file cache for directory 'C:/Users/valen/OneDrive/Documentos/GitHub/Schizophrenic-Playboys/Crossy/Content/Developers/DuppinkvsDuffunk/Collections/' took 0.00s
[2020.08.22-05.48.41:149][  0]LogFileCache: Scanning file cache for directory 'C:/Users/valen/OneDrive/Documentos/GitHub/Schizophrenic-Playboys/Crossy/Content/Collections/' took 0.00s
[2020.08.22-05.48.41:149][  0]LogContentBrowser: Native class hierarchy populated in 0.0107 seconds. Added 3015 classes and 717 folders.
[2020.08.22-05.48.41:591][  0]LogContentBrowser: Native class hierarchy updated for 'WidgetCarousel' in 0.0003 seconds. Added 0 classes and 0 folders.
[2020.08.22-05.48.45:674][  0]LogContentBrowser: Native class hierarchy updated for 'AddContentDialog' in 0.0003 seconds. Added 0 classes and 0 folders.
[2020.08.22-05.48.45:824][  0]LogContentBrowser: Native class hierarchy updated for 'SceneOutliner' in 0.0004 seconds. Added 2 classes and 3 folders.
[2020.08.22-05.48.46:228][  0]LogSlate: Took 0.001181 seconds to synchronously load lazily loaded font '../../../Engine/Content/Slate/Fonts/Roboto-Bold.ttf' (160K)
[2020.08.22-05.48.46:324][  0]LogSlate: Took 0.091011 seconds to synchronously load lazily loaded font '../../../Engine/Content/Editor/Slate/Fonts/FontAwesome.ttf' (139K)
[2020.08.22-05.48.47:037][  0]LogRenderer: Reallocating scene render targets to support 876x432 Format 10 NumSamples 1 (Frame:1).
[2020.08.22-05.48.47:404][  0]LogContentBrowser: Native class hierarchy updated for 'HierarchicalLODOutliner' in 0.0003 seconds. Added 0 classes and 0 folders.
[2020.08.22-05.48.47:404][  0]LogLoad: (Engine Initialization) Total time: 378.59 seconds
[2020.08.22-05.48.47:404][  0]LogLoad: (Engine Initialization) Total Blueprint compile time: 0.00 seconds
[2020.08.22-05.48.47:907][  0]LogContentStreaming: Texture pool size now 1000 MB
[2020.08.22-05.48.48:077][  0]LogSlate: Took 0.031483 seconds to synchronously load lazily loaded font '../../../Engine/Content/Slate/Fonts/Roboto-Light.ttf' (167K)
[2020.08.22-05.48.48:852][  4]LogSlate: Took 0.000241 seconds to synchronously load lazily loaded font '../../../Engine/Content/Slate/Fonts/Roboto-Light.ttf' (167K)
[2020.08.22-05.48.49:409][  9]LogAssetRegistry: Asset discovery search completed in 309.5955 seconds
[2020.08.22-05.48.49:415][  9]LogCollectionManager: Fixed up redirectors for 0 collections in 0.000014 seconds (updated 0 objects)
[2020.08.22-05.48.54:999][310]LogAssetEditorSubsystem: Opening Asset editor for AnimSequence /Game/ThirdPersonBP/Animations/jump_Root_Jump.jump_Root_Jump
[2020.08.22-05.48.55:310][310]LogContentBrowser: Native class hierarchy updated for 'SkeletonEditor' in 0.0004 seconds. Added 1 classes and 2 folders.
[2020.08.22-05.48.56:135][310]LogActorComponent: RegisterComponentWithWorld: (/Engine/Transient.World_4:PersistentLevel.AnimationEditorPreviewActor_0.DebugSkelMeshComponent_0) Already registered. Aborting.
[2020.08.22-05.48.56:179][310]LogContentBrowser: Native class hierarchy updated for 'PinnedCommandList' in 0.0003 seconds. Added 1 classes and 0 folders.
[2020.08.22-05.48.57:089][310]LogSkeletalMesh: USkeletalMeshComponent::InitArticulated : Bodies already created (/Engine/Transient.World_4:PersistentLevel.AnimationEditorPreviewActor_0.DebugSkelMeshComponent_0) - call TermArticulated first.
[2020.08.22-05.48.58:381][310]LogAssetEditorSubsystem: Opening Asset editor for AnimBlueprint /Game/ThirdPersonBP/Animations/PlayerCharacter_ABP.PlayerCharacter_ABP
[2020.08.22-05.48.58:486][310]LogActorComponent: RegisterComponentWithWorld: (/Engine/Transient.World_7:PersistentLevel.AnimationEditorPreviewActor_0.DebugSkelMeshComponent_0) Already registered. Aborting.
[2020.08.22-05.48.59:155][310]LogContentBrowser: Native class hierarchy updated for 'BlueprintGraph' in 0.0008 seconds. Added 121 classes and 0 folders.
[2020.08.22-05.49.01:046][310]LogSkeletalMesh: USkeletalMeshComponent::InitArticulated : Bodies already created (/Engine/Transient.World_7:PersistentLevel.AnimationEditorPreviewActor_0.DebugSkelMeshComponent_0) - call TermArticulated first.
[2020.08.22-05.49.01:529][310]LogAssetEditorSubsystem: Opening Asset editor for Blueprint /Game/ThirdPersonBP/Managers/Clase_GameInstance.Clase_GameInstance
[2020.08.22-05.49.02:011][310]LogAssetEditorSubsystem: Opening Asset editor for Blueprint /Game/ThirdPersonBP/PlayerCharacter/Clase_PlayerCharacter.Clase_PlayerCharacter
[2020.08.22-05.49.02:913][310]LogSlate: Took 0.000310 seconds to synchronously load lazily loaded font '../../../Engine/Content/Slate/Fonts/Roboto-BoldCondensed.ttf' (158K)
[2020.08.22-05.49.03:531][311]LogSlate: Took 0.013933 seconds to synchronously load lazily loaded font '../../../Engine/Content/Slate/Fonts/Roboto-Italic.ttf' (157K)
[2020.08.22-05.49.13:832][785]LogAssetEditorSubsystem: Opening Asset editor for Blueprint /Game/ThirdPersonBP/Managers/Clase_GameMode.Clase_GameMode
[2020.08.22-05.50.07:225][552]BlueprintLog: New page: Compile Clase_GameMode
[2020.08.22-05.50.07:521][552]LogUObjectHash: Compacting FUObjectHashTables data took   4.29ms
[2020.08.22-05.50.08:125][577]LogSavePackage: Moving '../../../../../../Users/valen/OneDrive/Documentos/GitHub/Schizophrenic-Playboys/Crossy/Saved/Clase_GameMode565EACE04642745A9134079E4108AB55.tmp' to '../../../../../../Users/valen/OneDrive/Documentos/GitHub/Schizophrenic-Playboys/Crossy/Content/ThirdPersonBP/Managers/Clase_GameMode.uasset'
[2020.08.22-05.50.08:153][577]AssetCheck: New page: Asset Save: Clase_GameMode
[2020.08.22-05.50.08:153][577]LogContentValidation: Display: Validating Blueprint /Game/ThirdPersonBP/Managers/Clase_GameMode.Clase_GameMode
[2020.08.22-05.50.22:601][425]LogSavePackage: Moving '../../../../../../Users/valen/OneDrive/Documentos/GitHub/Schizophrenic-Playboys/Crossy/Saved/Clase_GameMode7ABC0FB94B70F28B0D9E75A03C09EE1F.tmp' to '../../../../../../Users/valen/OneDrive/Documentos/GitHub/Schizophrenic-Playboys/Crossy/Content/ThirdPersonBP/Managers/Clase_GameMode.uasset'
[2020.08.22-05.50.22:618][425]AssetCheck: New page: Asset Save: Clase_GameMode
[2020.08.22-05.50.22:618][425]LogContentValidation: Display: Validating Blueprint /Game/ThirdPersonBP/Managers/Clase_GameMode.Clase_GameMode
[2020.08.22-05.50.24:974][561]LogSlate: Window 'Clase_GameMode' being destroyed
[2020.08.22-05.50.24:980][561]LogSlate: Window 'Clase_GameMode' being destroyed
[2020.08.22-05.50.24:993][561]LogWorld: UWorld::CleanupWorld for World_4, bSessionEnded=true, bCleanupResources=true
[2020.08.22-05.50.24:993][561]LogSlate: InvalidateAllWidgets triggered.  All widgets were invalidated
[2020.08.22-05.50.25:288][561]LogWorld: UWorld::CleanupWorld for World_5, bSessionEnded=true, bCleanupResources=true
[2020.08.22-05.50.25:288][561]LogSlate: InvalidateAllWidgets triggered.  All widgets were invalidated
[2020.08.22-05.50.25:368][561]LogWorld: UWorld::CleanupWorld for World_7, bSessionEnded=true, bCleanupResources=true
[2020.08.22-05.50.25:369][561]LogSlate: InvalidateAllWidgets triggered.  All widgets were invalidated
[2020.08.22-05.50.25:401][561]LogWorld: UWorld::CleanupWorld for World_6, bSessionEnded=true, bCleanupResources=true
[2020.08.22-05.50.25:401][561]LogSlate: InvalidateAllWidgets triggered.  All widgets were invalidated
[2020.08.22-05.50.25:660][561]LogWorld: UWorld::CleanupWorld for World_8, bSessionEnded=true, bCleanupResources=true
[2020.08.22-05.50.25:661][561]LogSlate: InvalidateAllWidgets triggered.  All widgets were invalidated
[2020.08.22-05.50.25:702][561]LogWorld: UWorld::CleanupWorld for World_9, bSessionEnded=true, bCleanupResources=true
[2020.08.22-05.50.25:702][561]LogSlate: InvalidateAllWidgets triggered.  All widgets were invalidated
[2020.08.22-05.50.25:751][561]LogWorld: UWorld::CleanupWorld for World_10, bSessionEnded=true, bCleanupResources=true
[2020.08.22-05.50.25:751][561]LogSlate: InvalidateAllWidgets triggered.  All widgets were invalidated
[2020.08.22-05.50.25:832][561]LogActorComponent: UnregisterComponent: (/Engine/Transient.EditorFloorComp) Not registered. Aborting.
[2020.08.22-05.50.25:832][561]LogWorld: UWorld::CleanupWorld for World_13, bSessionEnded=true, bCleanupResources=true
[2020.08.22-05.50.25:832][561]LogSlate: InvalidateAllWidgets triggered.  All widgets were invalidated
[2020.08.22-05.50.30:966][856]LogAssetEditorSubsystem: Opening Asset editor for Blueprint /Game/ThirdPersonBP/Managers/Clase_GameMode.Clase_GameMode
[2020.08.22-05.50.45:962][676]LogSlate: Window 'Clase_GameMode' being destroyed
[2020.08.22-05.50.45:969][676]LogSlate: Window 'Clase_GameMode' being destroyed
[2020.08.22-05.50.45:970][676]LogWorld: UWorld::CleanupWorld for World_14, bSessionEnded=true, bCleanupResources=true
[2020.08.22-05.50.45:970][676]LogSlate: InvalidateAllWidgets triggered.  All widgets were invalidated
[2020.08.22-05.50.55:921][244]LogUObjectHash: Compacting FUObjectHashTables data took   3.65ms
[2020.08.22-05.50.56:229][244]LogSavePackage: Moving '../../../../../../Users/valen/OneDrive/Documentos/GitHub/Schizophrenic-Playboys/Crossy/Saved/ThirdPersonExampleMap5C370295489AB7C41C6778917B12E6AA.tmp' to '../../../../../../Users/valen/OneDrive/Documentos/GitHub/Schizophrenic-Playboys/Crossy/Content/ThirdPersonBP/Maps/ThirdPersonExampleMap.umap'
[2020.08.22-05.50.56:642][244]LogSavePackage: Moving '../../../../../../Users/valen/OneDrive/Documentos/GitHub/Schizophrenic-Playboys/Crossy/Saved/ThirdPersonExampleMap_BuiltData23961B4D48C9A75413DA1981FA4164C0.tmp' to '../../../../../../Users/valen/OneDrive/Documentos/GitHub/Schizophrenic-Playboys/Crossy/Content/ThirdPersonBP/Maps/ThirdPersonExampleMap_BuiltData.uasset'
[2020.08.22-05.50.56:662][244]AssetCheck: New page: Asset Save: multiple assets
[2020.08.22-05.50.56:662][244]LogContentValidation: Display: Validating World /Game/ThirdPersonBP/Maps/ThirdPersonExampleMap.ThirdPersonExampleMap
[2020.08.22-05.50.56:662][244]LogContentValidation: Display: Validating MapBuildDataRegistry /Game/ThirdPersonBP/Maps/ThirdPersonExampleMap_BuiltData.ThirdPersonExampleMap_BuiltData
[2020.08.22-05.50.58:292][338]LogAssetEditorSubsystem: Opening Asset editor for Blueprint /Game/ThirdPersonBP/Managers/Clase_GameMode.Clase_GameMode
[2020.08.22-05.51.00:617][437]LogSavePackage: Moving '../../../../../../Users/valen/OneDrive/Documentos/GitHub/Schizophrenic-Playboys/Crossy/Saved/Clase_GameModeF990FD8E495E638CA7946EAB82F087E4.tmp' to '../../../../../../Users/valen/OneDrive/Documentos/GitHub/Schizophrenic-Playboys/Crossy/Content/ThirdPersonBP/Managers/Clase_GameMode.uasset'
[2020.08.22-05.51.00:636][437]AssetCheck: New page: Asset Save: Clase_GameMode
[2020.08.22-05.51.00:636][437]LogContentValidation: Display: Validating Blueprint /Game/ThirdPersonBP/Managers/Clase_GameMode.Clase_GameMode
[2020.08.22-05.51.02:373][535]BlueprintLog: New page: Compile Clase_GameMode
[2020.08.22-05.51.02:613][535]LogUObjectHash: Compacting FUObjectHashTables data took   3.74ms
[2020.08.22-05.51.45:889][521]LogSlate: Window 'Project Settings' being destroyed
[2020.08.22-05.51.45:895][521]LogSlate: Window 'Project Settings' being destroyed
[2020.08.22-05.51.47:567][606]LogUObjectHash: Compacting FUObjectHashTables data took   5.74ms
[2020.08.22-05.51.47:869][606]LogSavePackage: Moving '../../../../../../Users/valen/OneDrive/Documentos/GitHub/Schizophrenic-Playboys/Crossy/Saved/ThirdPersonExampleMapEC0D71C648C5A0BB767398A585895604.tmp' to '../../../../../../Users/valen/OneDrive/Documentos/GitHub/Schizophrenic-Playboys/Crossy/Content/ThirdPersonBP/Maps/ThirdPersonExampleMap.umap'
[2020.08.22-05.51.48:076][606]LogSavePackage: Moving '../../../../../../Users/valen/OneDrive/Documentos/GitHub/Schizophrenic-Playboys/Crossy/Saved/ThirdPersonExampleMap_BuiltDataA6B0DB8743B51F06070760AE3CB93C63.tmp' to '../../../../../../Users/valen/OneDrive/Documentos/GitHub/Schizophrenic-Playboys/Crossy/Content/ThirdPersonBP/Maps/ThirdPersonExampleMap_BuiltData.uasset'
[2020.08.22-05.51.48:100][606]AssetCheck: New page: Asset Save: multiple assets
[2020.08.22-05.51.48:100][606]LogContentValidation: Display: Validating World /Game/ThirdPersonBP/Maps/ThirdPersonExampleMap.ThirdPersonExampleMap
[2020.08.22-05.51.48:100][606]LogContentValidation: Display: Validating MapBuildDataRegistry /Game/ThirdPersonBP/Maps/ThirdPersonExampleMap_BuiltData.ThirdPersonExampleMap_BuiltData
[2020.08.22-05.51.50:928][770]LogUObjectHash: Compacting FUObjectHashTables data took   4.29ms
[2020.08.22-05.51.51:218][770]LogSavePackage: Moving '../../../../../../Users/valen/OneDrive/Documentos/GitHub/Schizophrenic-Playboys/Crossy/Saved/ThirdPersonExampleMap93A27D7546988EF2847116819E2A7457.tmp' to '../../../../../../Users/valen/OneDrive/Documentos/GitHub/Schizophrenic-Playboys/Crossy/Content/ThirdPersonBP/Maps/ThirdPersonExampleMap.umap'
[2020.08.22-05.51.51:464][770]LogSavePackage: Moving '../../../../../../Users/valen/OneDrive/Documentos/GitHub/Schizophrenic-Playboys/Crossy/Saved/ThirdPersonExampleMap_BuiltDataDBDA2CE4401463A1413670B752D26CF0.tmp' to '../../../../../../Users/valen/OneDrive/Documentos/GitHub/Schizophrenic-Playboys/Crossy/Content/ThirdPersonBP/Maps/ThirdPersonExampleMap_BuiltData.uasset'
[2020.08.22-05.51.51:489][770]AssetCheck: New page: Asset Save: multiple assets
[2020.08.22-05.51.51:489][770]LogContentValidation: Display: Validating World /Game/ThirdPersonBP/Maps/ThirdPersonExampleMap.ThirdPersonExampleMap
[2020.08.22-05.51.51:489][770]LogContentValidation: Display: Validating MapBuildDataRegistry /Game/ThirdPersonBP/Maps/ThirdPersonExampleMap_BuiltData.ThirdPersonExampleMap_BuiltData
[2020.08.22-05.54.29:447][226]LogSlate: Window 'Clase_GameMode' being destroyed
[2020.08.22-05.54.29:452][226]LogSlate: Window 'Clase_GameMode' being destroyed
[2020.08.22-05.54.29:453][226]LogWorld: UWorld::CleanupWorld for World_15, bSessionEnded=true, bCleanupResources=true
[2020.08.22-05.54.29:453][226]LogSlate: InvalidateAllWidgets triggered.  All widgets were invalidated
[2020.08.22-05.54.30:922][308]LogAssetEditorSubsystem: Opening Asset editor for Blueprint /Game/ThirdPersonBP/Managers/Clase_GameMode.Clase_GameMode
[2020.08.22-05.54.47:000][105]LogSlate: Window 'Clase_GameMode' being destroyed
[2020.08.22-05.54.47:009][105]LogSlate: Window 'Clase_GameMode' being destroyed
[2020.08.22-05.54.47:010][105]LogWorld: UWorld::CleanupWorld for World_16, bSessionEnded=true, bCleanupResources=true
[2020.08.22-05.54.47:010][105]LogSlate: InvalidateAllWidgets triggered.  All widgets were invalidated
[2020.08.22-05.56.25:075][784]LogVSAccessor: Warning: Couldn't open file 'C:/Program Files/Epic Games/UE_4.24/Engine/Source/Runtime/Engine/Classes/GameFramework/GameModeBase.h'.
[2020.08.22-05.56.25:077][784]LogVSAccessor: Warning: Couldn't access Visual Studio
[2020.08.22-05.56.25:098][784]LogVSAccessor: Warning: Couldn't access module table
[2020.08.22-05.56.25:098][784]LogVSAccessor: Warning: Couldn't access module table
[2020.08.22-05.56.25:099][784]LogVSAccessor: Warning: Couldn't access module table
[2020.08.22-05.56.25:099][784]LogVSAccessor: Warning: Couldn't access module table
[2020.08.22-05.56.25:099][784]LogVSAccessor: Warning: Couldn't access module table
[2020.08.22-05.56.25:099][784]LogVSAccessor: Warning: Couldn't access module table
[2020.08.22-05.56.25:099][784]LogVSAccessor: Warning: Couldn't access module table
[2020.08.22-05.56.25:099][784]LogVSAccessor: Warning: Couldn't access module table
[2020.08.22-05.56.25:099][784]LogVSAccessor: Warning: Couldn't access module table
[2020.08.22-05.56.25:100][784]LogVSAccessor: Warning: Couldn't access module table
[2020.08.22-05.56.25:100][784]LogVSAccessor: Warning: Couldn't access module table
[2020.08.22-05.56.25:100][784]LogVSAccessor: Warning: Couldn't access module table
[2020.08.22-05.56.25:100][784]LogVSAccessor: Warning: Couldn't access module table
[2020.08.22-05.56.25:100][784]LogVSAccessor: Warning: Couldn't access module table
[2020.08.22-05.56.25:100][784]LogVSAccessor: Warning: Couldn't access module table
[2020.08.22-05.56.25:100][784]LogVSAccessor: Warning: Couldn't access module table
[2020.08.22-05.56.25:101][784]LogVSAccessor: Warning: Couldn't access module table
[2020.08.22-05.56.25:101][784]LogVSAccessor: Warning: Couldn't access module table
[2020.08.22-05.56.25:101][784]LogVSAccessor: Warning: Couldn't access module table
[2020.08.22-05.56.25:101][784]LogVSAccessor: Warning: Couldn't access module table
[2020.08.22-05.56.25:101][784]LogVSAccessor: Warning: Couldn't access module table
[2020.08.22-05.56.25:101][784]LogVSAccessor: Warning: Couldn't access module table
[2020.08.22-05.56.25:102][784]LogVSAccessor: Warning: Couldn't access module table
[2020.08.22-05.56.25:102][784]LogVSAccessor: Warning: Couldn't access module table
[2020.08.22-05.56.25:102][784]LogVSAccessor: Warning: Couldn't access module table
[2020.08.22-05.56.25:102][784]LogVSAccessor: Warning: Couldn't access module table
[2020.08.22-05.56.25:102][784]LogVSAccessor: Warning: Couldn't access module table
[2020.08.22-05.56.25:102][784]LogVSAccessor: Warning: Couldn't access module table
[2020.08.22-05.56.25:102][784]LogVSAccessor: Warning: Couldn't access module table
[2020.08.22-05.56.25:104][784]LogVSAccessor: Warning: Couldn't access module table
[2020.08.22-05.56.25:105][784]LogVSAccessor: Warning: Couldn't access module table
[2020.08.22-05.56.25:105][784]LogVSAccessor: Warning: Couldn't access module table
[2020.08.22-05.56.25:106][784]LogVSAccessor: Warning: Couldn't access module table
[2020.08.22-05.56.25:106][784]LogVSAccessor: Warning: Couldn't access module table
[2020.08.22-05.56.25:106][784]LogVSAccessor: Warning: Couldn't access module table
[2020.08.22-05.56.25:106][784]LogVSAccessor: Warning: Couldn't access module table
[2020.08.22-05.56.25:107][784]LogVSAccessor: Warning: Couldn't access module table
[2020.08.22-05.56.25:107][784]LogVSAccessor: Warning: Couldn't access module table
[2020.08.22-05.56.25:107][784]LogVSAccessor: Warning: Couldn't access module table
[2020.08.22-05.56.25:107][784]LogVSAccessor: Warning: Couldn't access module table
[2020.08.22-05.56.25:107][784]LogVSAccessor: Warning: Couldn't access module table
[2020.08.22-05.56.25:107][784]LogVSAccessor: Warning: Couldn't access module table
[2020.08.22-05.56.25:108][784]LogVSAccessor: Warning: Couldn't access module table
[2020.08.22-05.56.25:108][784]LogVSAccessor: Warning: Couldn't access module table
[2020.08.22-05.56.25:108][784]LogVSAccessor: Warning: Couldn't access module table
[2020.08.22-05.56.25:108][784]LogVSAccessor: Warning: Couldn't access module table
[2020.08.22-05.56.25:109][784]LogVSAccessor: Warning: Couldn't access module table
[2020.08.22-05.56.25:109][784]LogVSAccessor: Warning: Couldn't access module table
[2020.08.22-05.56.25:109][784]LogVSAccessor: Warning: Couldn't access module table
[2020.08.22-05.56.25:109][784]LogVSAccessor: Warning: Couldn't access module table
[2020.08.22-05.56.25:109][784]LogVSAccessor: Warning: Couldn't access module table
[2020.08.22-05.56.25:109][784]LogVSAccessor: Warning: Couldn't access module table
[2020.08.22-05.56.25:109][784]LogVSAccessor: Warning: Couldn't access module table
[2020.08.22-05.56.25:110][784]LogVSAccessor: Warning: Couldn't access module table
[2020.08.22-05.56.25:110][784]LogVSAccessor: Warning: Couldn't access module table
[2020.08.22-05.56.25:110][784]LogVSAccessor: Warning: Couldn't access module table
[2020.08.22-05.56.25:110][784]LogVSAccessor: Warning: Couldn't access module table
[2020.08.22-05.56.25:110][784]LogVSAccessor: Warning: Couldn't access module table
[2020.08.22-05.56.25:110][784]LogVSAccessor: Warning: Couldn't access module table
[2020.08.22-05.56.25:110][784]LogVSAccessor: Warning: Couldn't access module table
[2020.08.22-05.56.25:111][784]LogVSAccessor: Warning: Couldn't access module table
[2020.08.22-05.56.25:111][784]LogVSAccessor: Warning: Couldn't access module table
[2020.08.22-05.56.25:111][784]LogVSAccessor: Warning: Couldn't access module table
[2020.08.22-05.56.25:111][784]LogVSAccessor: Warning: Couldn't access module table
[2020.08.22-05.56.25:111][784]LogVSAccessor: Warning: Couldn't access module table
[2020.08.22-05.56.25:111][784]LogVSAccessor: Warning: Couldn't access module table
[2020.08.22-05.56.25:112][784]LogVSAccessor: Warning: Couldn't access module table
[2020.08.22-05.56.25:112][784]LogVSAccessor: Warning: Couldn't access module table
[2020.08.22-05.56.25:112][784]LogVSAccessor: Warning: Couldn't access module table
[2020.08.22-05.56.25:112][784]LogVSAccessor: Warning: Couldn't access module table
[2020.08.22-05.56.25:112][784]LogVSAccessor: Warning: Couldn't access module table
[2020.08.22-05.56.25:112][784]LogVSAccessor: Warning: Couldn't access module table
[2020.08.22-05.56.25:113][784]LogVSAccessor: Warning: Couldn't access module table
[2020.08.22-05.56.25:113][784]LogVSAccessor: Warning: Couldn't access module table
[2020.08.22-05.56.25:113][784]LogVSAccessor: Warning: Couldn't access module table
[2020.08.22-05.56.25:113][784]LogVSAccessor: Warning: Couldn't access module table
[2020.08.22-05.56.25:114][784]LogVSAccessor: Warning: Couldn't access module table
[2020.08.22-05.56.25:114][784]LogVSAccessor: Warning: Couldn't access module table
[2020.08.22-05.56.25:114][784]LogVSAccessor: Warning: Couldn't access module table
[2020.08.22-05.56.25:114][784]LogVSAccessor: Warning: Couldn't access module table
[2020.08.22-05.56.25:114][784]LogVSAccessor: Warning: Couldn't access module table
[2020.08.22-05.56.25:114][784]LogVSAccessor: Warning: Couldn't access module table
[2020.08.22-05.56.25:114][784]LogVSAccessor: Warning: Couldn't access module table
[2020.08.22-05.56.25:114][784]LogVSAccessor: Warning: Couldn't access module table
[2020.08.22-05.56.25:114][784]LogVSAccessor: Warning: Couldn't access module table
[2020.08.22-05.56.25:114][784]LogVSAccessor: Warning: Couldn't access module table
[2020.08.22-05.56.25:115][784]LogVSAccessor: Warning: Couldn't access module table
[2020.08.22-05.56.25:115][784]LogVSAccessor: Warning: Couldn't access module table
[2020.08.22-05.56.25:115][784]LogVSAccessor: Warning: Couldn't access module table
[2020.08.22-05.56.25:115][784]LogVSAccessor: Warning: Couldn't access module table
[2020.08.22-05.56.25:115][784]LogVSAccessor: Warning: Couldn't access module table
[2020.08.22-05.56.25:115][784]LogVSAccessor: Warning: Couldn't access module table
[2020.08.22-05.56.25:116][784]LogVSAccessor: Warning: Couldn't access module table
[2020.08.22-05.56.25:116][784]LogVSAccessor: Warning: Couldn't access module table
[2020.08.22-05.56.25:116][784]LogVSAccessor: Warning: Couldn't access module table
[2020.08.22-05.56.25:116][784]LogVSAccessor: Warning: Couldn't access module table
[2020.08.22-05.56.25:116][784]LogVSAccessor: Warning: Couldn't access module table
[2020.08.22-05.56.25:116][784]LogVSAccessor: Warning: Couldn't access module table
[2020.08.22-05.56.25:116][784]LogVSAccessor: Warning: Couldn't access module table
[2020.08.22-05.56.25:117][784]LogVSAccessor: Warning: Couldn't access module table
[2020.08.22-05.56.25:117][784]LogVSAccessor: Warning: Couldn't access module table
[2020.08.22-05.56.25:117][784]LogVSAccessor: Warning: Couldn't access module table
[2020.08.22-05.56.25:117][784]LogVSAccessor: Warning: Couldn't access module table
[2020.08.22-05.56.25:117][784]LogVSAccessor: Warning: Couldn't access module table
[2020.08.22-05.56.25:117][784]LogVSAccessor: Warning: Couldn't access module table
[2020.08.22-05.56.25:117][784]LogVSAccessor: Warning: Couldn't access module table
[2020.08.22-05.56.25:118][784]LogVSAccessor: Warning: Couldn't access module table
[2020.08.22-05.56.25:118][784]LogVSAccessor: Warning: Couldn't access module table
[2020.08.22-05.56.25:118][784]LogVSAccessor: Warning: Couldn't access module table
[2020.08.22-05.56.25:118][784]LogVSAccessor: Warning: Couldn't access module table
[2020.08.22-05.56.25:118][784]LogVSAccessor: Warning: Couldn't access module table
[2020.08.22-05.56.25:118][784]LogVSAccessor: Warning: Couldn't access module table
[2020.08.22-05.56.25:118][784]LogVSAccessor: Warning: Couldn't access module table
[2020.08.22-05.56.25:121][784]LogVSAccessor: Warning: Couldn't access module table
[2020.08.22-05.56.25:122][784]LogVSAccessor: Warning: Couldn't access module table
[2020.08.22-05.56.25:122][784]LogVSAccessor: Warning: Couldn't access module table
[2020.08.22-05.56.25:122][784]LogVSAccessor: Warning: Couldn't access module table
[2020.08.22-05.56.25:123][784]LogVSAccessor: Warning: Couldn't access module table
[2020.08.22-05.56.25:123][784]LogVSAccessor: Warning: Couldn't access module table
[2020.08.22-05.56.25:123][784]LogVSAccessor: Warning: Couldn't access module table
[2020.08.22-05.56.25:123][784]LogVSAccessor: Warning: Couldn't access module table
[2020.08.22-05.56.25:123][784]LogVSAccessor: Warning: Couldn't access module table
[2020.08.22-05.56.25:439][784]LogVSAccessor: Warning: Couldn't access module table
[2020.08.22-05.56.25:465][784]LogVSAccessor: Warning: Couldn't access module table
[2020.08.22-05.56.25:467][784]LogVSAccessor: Warning: Couldn't access module table
[2020.08.22-05.56.25:467][784]LogVSAccessor: Warning: Couldn't access module table
[2020.08.22-05.56.25:554][784]LogVSAccessor: Warning: Couldn't access module table
[2020.08.22-05.56.25:554][784]LogVSAccessor: Warning: Couldn't access module table
[2020.08.22-05.56.25:559][784]LogVSAccessor: Warning: Couldn't access module table
[2020.08.22-05.56.27:299][784]LogVSAccessor: Warning: Couldn't access module table
[2020.08.22-05.56.27:299][784]LogVSAccessor: Warning: Couldn't access module table
[2020.08.22-05.56.27:299][784]LogVSAccessor: Warning: Couldn't access module table
[2020.08.22-05.56.27:646][784]LogVSAccessor: Warning: Couldn't access module table
[2020.08.22-05.56.27:647][784]LogVSAccessor: Warning: Couldn't access module table
[2020.08.22-05.56.29:590][784]LogVSAccessor: Warning: Couldn't access module table
[2020.08.22-05.56.29:761][784]LogVSAccessor: Warning: Couldn't access module table
[2020.08.22-05.56.30:552][784]LogVSAccessor: Warning: Couldn't access module table
[2020.08.22-05.56.31:726][784]LogVSAccessor: Warning: Couldn't access module table
[2020.08.22-05.56.32:157][784]LogVSAccessor: Warning: Couldn't access module table
[2020.08.22-05.56.32:157][784]LogVSAccessor: Warning: Couldn't access module table
[2020.08.22-05.56.32:157][784]LogVSAccessor: Warning: Couldn't access module table
[2020.08.22-05.56.32:177][784]LogVSAccessor: Warning: Couldn't access module table
[2020.08.22-05.56.32:608][784]LogVSAccessor: Warning: Couldn't access module table
[2020.08.22-05.56.34:489][784]LogVSAccessor: Warning: Couldn't access module table
[2020.08.22-05.56.36:003][784]LogVSAccessor: Warning: Couldn't access module table
[2020.08.22-05.56.36:270][784]LogVSAccessor: Warning: Couldn't access module table
[2020.08.22-05.56.36:388][784]LogVSAccessor: Warning: Couldn't access module table
[2020.08.22-05.56.36:491][784]LogVSAccessor: Warning: Couldn't access module table
[2020.08.22-05.56.36:491][784]LogVSAccessor: Warning: Couldn't access module table
[2020.08.22-05.56.36:491][784]LogVSAccessor: Warning: Couldn't access module table
[2020.08.22-05.56.36:491][784]LogVSAccessor: Warning: Couldn't access module table
[2020.08.22-05.56.36:493][784]LogVSAccessor: Warning: Couldn't access module table
[2020.08.22-05.56.36:493][784]LogVSAccessor: Warning: Couldn't access module table
[2020.08.22-05.56.36:494][784]LogVSAccessor: Warning: Couldn't access module table
[2020.08.22-05.56.36:494][784]LogVSAccessor: Warning: Couldn't access module table
[2020.08.22-05.56.36:494][784]LogVSAccessor: Warning: Couldn't access module table
[2020.08.22-05.56.36:494][784]LogVSAccessor: Warning: Couldn't access module table
[2020.08.22-05.56.36:494][784]LogVSAccessor: Warning: Couldn't access module table
[2020.08.22-05.58.57:054][204]LogAudioMixer: Display: Audio Buffer Underrun detected.
